[2024-02-23 19:03:08]|||{"logger":"com.coding.blog.web.email.EmailTest", "thread":"main", "msg":"Starting EmailTest using Java 1.8.0_101 on DESKTOP-4C76UQ5 with PID 20932 (started by Administrator in D:\JavaCount\project\SpringBootProject\coding-blog\coding-web)"}
[2024-02-23 19:03:08]|||{"logger":"com.coding.blog.web.email.EmailTest", "thread":"main", "msg":"No active profile set, falling back to 1 default profile: "default""}
[2024-02-23 19:03:09]|||{"logger":"o.s.d.r.c.RepositoryConfigurationDelegate", "thread":"main", "msg":"Multiple Spring Data modules found, entering strict repository configuration mode"}
[2024-02-23 19:03:09]|||{"logger":"o.s.d.r.c.RepositoryConfigurationDelegate", "thread":"main", "msg":"Bootstrapping Spring Data Redis repositories in DEFAULT mode."}
[2024-02-23 19:03:09]|||{"logger":"o.s.d.r.c.RepositoryConfigurationDelegate", "thread":"main", "msg":"Finished Spring Data repository scanning in 12 ms. Found 0 Redis repository interfaces."}
[2024-02-23 19:03:09]|||{"logger":"o.m.s.mapper.ClassPathMapperScanner", "thread":"main", "msg":"Skipping MapperFactoryBean with name 'adminRoleRelationMapper' and 'com.coding.blog.service.mapper.AdminRoleRelationMapper' mapperInterface. Bean already defined with the same name!"}
[2024-02-23 19:03:09]|||{"logger":"o.m.s.mapper.ClassPathMapperScanner", "thread":"main", "msg":"Skipping MapperFactoryBean with name 'commentsMapper' and 'com.coding.blog.service.mapper.CommentsMapper' mapperInterface. Bean already defined with the same name!"}
[2024-02-23 19:03:09]|||{"logger":"o.m.s.mapper.ClassPathMapperScanner", "thread":"main", "msg":"Skipping MapperFactoryBean with name 'linksMapper' and 'com.coding.blog.service.mapper.LinksMapper' mapperInterface. Bean already defined with the same name!"}
[2024-02-23 19:03:09]|||{"logger":"o.m.s.mapper.ClassPathMapperScanner", "thread":"main", "msg":"Skipping MapperFactoryBean with name 'menuMapper' and 'com.coding.blog.service.mapper.MenuMapper' mapperInterface. Bean already defined with the same name!"}
[2024-02-23 19:03:09]|||{"logger":"o.m.s.mapper.ClassPathMapperScanner", "thread":"main", "msg":"Skipping MapperFactoryBean with name 'postTagMapper' and 'com.coding.blog.service.mapper.PostTagMapper' mapperInterface. Bean already defined with the same name!"}
[2024-02-23 19:03:09]|||{"logger":"o.m.s.mapper.ClassPathMapperScanner", "thread":"main", "msg":"Skipping MapperFactoryBean with name 'postTagRelationMapper' and 'com.coding.blog.service.mapper.PostTagRelationMapper' mapperInterface. Bean already defined with the same name!"}
[2024-02-23 19:03:09]|||{"logger":"o.m.s.mapper.ClassPathMapperScanner", "thread":"main", "msg":"Skipping MapperFactoryBean with name 'postsMapper' and 'com.coding.blog.service.mapper.PostsMapper' mapperInterface. Bean already defined with the same name!"}
[2024-02-23 19:03:09]|||{"logger":"o.m.s.mapper.ClassPathMapperScanner", "thread":"main", "msg":"Skipping MapperFactoryBean with name 'resourceCategoryMapper' and 'com.coding.blog.service.mapper.ResourceCategoryMapper' mapperInterface. Bean already defined with the same name!"}
[2024-02-23 19:03:09]|||{"logger":"o.m.s.mapper.ClassPathMapperScanner", "thread":"main", "msg":"Skipping MapperFactoryBean with name 'resourceMapper' and 'com.coding.blog.service.mapper.ResourceMapper' mapperInterface. Bean already defined with the same name!"}
[2024-02-23 19:03:09]|||{"logger":"o.m.s.mapper.ClassPathMapperScanner", "thread":"main", "msg":"Skipping MapperFactoryBean with name 'roleMapper' and 'com.coding.blog.service.mapper.RoleMapper' mapperInterface. Bean already defined with the same name!"}
[2024-02-23 19:03:09]|||{"logger":"o.m.s.mapper.ClassPathMapperScanner", "thread":"main", "msg":"Skipping MapperFactoryBean with name 'roleMenuRelationMapper' and 'com.coding.blog.service.mapper.RoleMenuRelationMapper' mapperInterface. Bean already defined with the same name!"}
[2024-02-23 19:03:09]|||{"logger":"o.m.s.mapper.ClassPathMapperScanner", "thread":"main", "msg":"Skipping MapperFactoryBean with name 'roleResourceRelationMapper' and 'com.coding.blog.service.mapper.RoleResourceRelationMapper' mapperInterface. Bean already defined with the same name!"}
[2024-02-23 19:03:09]|||{"logger":"o.m.s.mapper.ClassPathMapperScanner", "thread":"main", "msg":"Skipping MapperFactoryBean with name 'siteMapper' and 'com.coding.blog.service.mapper.SiteMapper' mapperInterface. Bean already defined with the same name!"}
[2024-02-23 19:03:09]|||{"logger":"o.m.s.mapper.ClassPathMapperScanner", "thread":"main", "msg":"Skipping MapperFactoryBean with name 'termRelationshipsMapper' and 'com.coding.blog.service.mapper.TermRelationshipsMapper' mapperInterface. Bean already defined with the same name!"}
[2024-02-23 19:03:09]|||{"logger":"o.m.s.mapper.ClassPathMapperScanner", "thread":"main", "msg":"Skipping MapperFactoryBean with name 'termTaxonomyMapper' and 'com.coding.blog.service.mapper.TermTaxonomyMapper' mapperInterface. Bean already defined with the same name!"}
[2024-02-23 19:03:09]|||{"logger":"o.m.s.mapper.ClassPathMapperScanner", "thread":"main", "msg":"Skipping MapperFactoryBean with name 'usersMapper' and 'com.coding.blog.service.mapper.UsersMapper' mapperInterface. Bean already defined with the same name!"}
[2024-02-23 19:03:09]|||{"logger":"o.m.s.mapper.ClassPathMapperScanner", "thread":"main", "msg":"No MyBatis mapper was found in '[com.coding.blog.service.mapper]' package. Please check your configuration."}
[2024-02-23 19:03:09]|||{"logger":"c.c.b.s.s.i.oss.impl.AliOssWrapper", "thread":"main", "msg":"init ossClient"}
[2024-02-23 19:03:12]|||{"logger":"o.s.w.c.s.GenericWebApplicationContext", "thread":"main", "msg":"Exception encountered during context initialization - cancelling refresh attempt: org.springframework.beans.factory.BeanCreationException: Error creating bean with name 'globeExceptionHandler': Injection of autowired dependencies failed; nested exception is java.lang.IllegalArgumentException: Could not resolve placeholder 'alarm.user' in value "${alarm.user}""}
[2024-02-23 19:03:12]|||{"logger":"c.alibaba.druid.pool.DruidDataSource", "thread":"main", "msg":"{dataSource-0} closing ..."}
[2024-02-23 19:03:12]|||{"logger":"o.s.b.a.l.ConditionEvaluationReportLoggingListener", "thread":"main", "msg":"

Error starting ApplicationContext. To display the conditions report re-run your application with 'debug' enabled."}
[2024-02-23 19:03:12]|||{"logger":"o.s.boot.SpringApplication", "thread":"main", "msg":"Application run failed"}
org.springframework.beans.factory.BeanCreationException: Error creating bean with name 'globeExceptionHandler': Injection of autowired dependencies failed; nested exception is java.lang.IllegalArgumentException: Could not resolve placeholder 'alarm.user' in value "${alarm.user}"
	at org.springframework.beans.factory.annotation.AutowiredAnnotationBeanPostProcessor.postProcessProperties(AutowiredAnnotationBeanPostProcessor.java:414)
	at org.springframework.beans.factory.support.AbstractAutowireCapableBeanFactory.populateBean(AbstractAutowireCapableBeanFactory.java:1431)
	at org.springframework.beans.factory.support.AbstractAutowireCapableBeanFactory.doCreateBean(AbstractAutowireCapableBeanFactory.java:619)
	at org.springframework.beans.factory.support.AbstractAutowireCapableBeanFactory.createBean(AbstractAutowireCapableBeanFactory.java:542)
	at org.springframework.beans.factory.support.AbstractBeanFactory.lambda$doGetBean$0(AbstractBeanFactory.java:335)
	at org.springframework.beans.factory.support.DefaultSingletonBeanRegistry.getSingleton(DefaultSingletonBeanRegistry.java:234)
	at org.springframework.beans.factory.support.AbstractBeanFactory.doGetBean(AbstractBeanFactory.java:333)
	at org.springframework.beans.factory.support.AbstractBeanFactory.getBean(AbstractBeanFactory.java:208)
	at org.springframework.beans.factory.support.DefaultListableBeanFactory.preInstantiateSingletons(DefaultListableBeanFactory.java:955)
	at org.springframework.context.support.AbstractApplicationContext.finishBeanFactoryInitialization(AbstractApplicationContext.java:921)
	at org.springframework.context.support.AbstractApplicationContext.refresh(AbstractApplicationContext.java:583)
	at org.springframework.boot.SpringApplication.refresh(SpringApplication.java:732)
	at org.springframework.boot.SpringApplication.refreshContext(SpringApplication.java:409)
	at org.springframework.boot.SpringApplication.run(SpringApplication.java:308)
	at org.springframework.boot.test.context.SpringBootContextLoader.loadContext(SpringBootContextLoader.java:136)
	at org.springframework.test.context.cache.DefaultCacheAwareContextLoaderDelegate.loadContextInternal(DefaultCacheAwareContextLoaderDelegate.java:141)
	at org.springframework.test.context.cache.DefaultCacheAwareContextLoaderDelegate.loadContext(DefaultCacheAwareContextLoaderDelegate.java:90)
	at org.springframework.test.context.support.DefaultTestContext.getApplicationContext(DefaultTestContext.java:124)
	at org.springframework.test.context.web.ServletTestExecutionListener.setUpRequestContextIfNecessary(ServletTestExecutionListener.java:190)
	at org.springframework.test.context.web.ServletTestExecutionListener.prepareTestInstance(ServletTestExecutionListener.java:132)
	at org.springframework.test.context.TestContextManager.prepareTestInstance(TestContextManager.java:248)
	at org.springframework.test.context.junit.jupiter.SpringExtension.postProcessTestInstance(SpringExtension.java:138)
	at org.junit.jupiter.engine.descriptor.ClassBasedTestDescriptor.lambda$invokeTestInstancePostProcessors$8(ClassBasedTestDescriptor.java:363)
	at org.junit.jupiter.engine.descriptor.ClassBasedTestDescriptor.executeAndMaskThrowable(ClassBasedTestDescriptor.java:368)
	at org.junit.jupiter.engine.descriptor.ClassBasedTestDescriptor.lambda$invokeTestInstancePostProcessors$9(ClassBasedTestDescriptor.java:363)
	at java.util.stream.ReferencePipeline$3$1.accept(ReferencePipeline.java:193)
	at java.util.stream.ReferencePipeline$2$1.accept(ReferencePipeline.java:175)
	at java.util.ArrayList$ArrayListSpliterator.forEachRemaining(ArrayList.java:1374)
	at java.util.stream.AbstractPipeline.copyInto(AbstractPipeline.java:481)
	at java.util.stream.AbstractPipeline.wrapAndCopyInto(AbstractPipeline.java:471)
	at java.util.stream.StreamSpliterators$WrappingSpliterator.forEachRemaining(StreamSpliterators.java:312)
	at java.util.stream.Streams$ConcatSpliterator.forEachRemaining(Streams.java:743)
	at java.util.stream.Streams$ConcatSpliterator.forEachRemaining(Streams.java:742)
	at java.util.stream.ReferencePipeline$Head.forEach(ReferencePipeline.java:580)
	at org.junit.jupiter.engine.descriptor.ClassBasedTestDescriptor.invokeTestInstancePostProcessors(ClassBasedTestDescriptor.java:362)
	at org.junit.jupiter.engine.descriptor.ClassBasedTestDescriptor.lambda$instantiateAndPostProcessTestInstance$6(ClassBasedTestDescriptor.java:283)
	at org.junit.platform.engine.support.hierarchical.ThrowableCollector.execute(ThrowableCollector.java:73)
	at org.junit.jupiter.engine.descriptor.ClassBasedTestDescriptor.instantiateAndPostProcessTestInstance(ClassBasedTestDescriptor.java:282)
	at org.junit.jupiter.engine.descriptor.ClassBasedTestDescriptor.lambda$testInstancesProvider$4(ClassBasedTestDescriptor.java:272)
	at java.util.Optional.orElseGet(Optional.java:267)
	at org.junit.jupiter.engine.descriptor.ClassBasedTestDescriptor.lambda$testInstancesProvider$5(ClassBasedTestDescriptor.java:271)
	at org.junit.jupiter.engine.execution.TestInstancesProvider.getTestInstances(TestInstancesProvider.java:31)
	at org.junit.jupiter.engine.descriptor.TestMethodTestDescriptor.lambda$prepare$0(TestMethodTestDescriptor.java:102)
	at org.junit.platform.engine.support.hierarchical.ThrowableCollector.execute(ThrowableCollector.java:73)
	at org.junit.jupiter.engine.descriptor.TestMethodTestDescriptor.prepare(TestMethodTestDescriptor.java:101)
	at org.junit.jupiter.engine.descriptor.TestMethodTestDescriptor.prepare(TestMethodTestDescriptor.java:66)
	at org.junit.platform.engine.support.hierarchical.NodeTestTask.lambda$prepare$2(NodeTestTask.java:123)
	at org.junit.platform.engine.support.hierarchical.ThrowableCollector.execute(ThrowableCollector.java:73)
	at org.junit.platform.engine.support.hierarchical.NodeTestTask.prepare(NodeTestTask.java:123)
	at org.junit.platform.engine.support.hierarchical.NodeTestTask.execute(NodeTestTask.java:90)
	at java.util.ArrayList.forEach(ArrayList.java:1249)
	at org.junit.platform.engine.support.hierarchical.SameThreadHierarchicalTestExecutorService.invokeAll(SameThreadHierarchicalTestExecutorService.java:41)
	at org.junit.platform.engine.support.hierarchical.NodeTestTask.lambda$executeRecursively$6(NodeTestTask.java:155)
	at org.junit.platform.engine.support.hierarchical.ThrowableCollector.execute(ThrowableCollector.java:73)
	at org.junit.platform.engine.support.hierarchical.NodeTestTask.lambda$executeRecursively$8(NodeTestTask.java:141)
	at org.junit.platform.engine.support.hierarchical.Node.around(Node.java:137)
	at org.junit.platform.engine.support.hierarchical.NodeTestTask.lambda$executeRecursively$9(NodeTestTask.java:139)
	at org.junit.platform.engine.support.hierarchical.ThrowableCollector.execute(ThrowableCollector.java:73)
	at org.junit.platform.engine.support.hierarchical.NodeTestTask.executeRecursively(NodeTestTask.java:138)
	at org.junit.platform.engine.support.hierarchical.NodeTestTask.execute(NodeTestTask.java:95)
	at java.util.ArrayList.forEach(ArrayList.java:1249)
	at org.junit.platform.engine.support.hierarchical.SameThreadHierarchicalTestExecutorService.invokeAll(SameThreadHierarchicalTestExecutorService.java:41)
	at org.junit.platform.engine.support.hierarchical.NodeTestTask.lambda$executeRecursively$6(NodeTestTask.java:155)
	at org.junit.platform.engine.support.hierarchical.ThrowableCollector.execute(ThrowableCollector.java:73)
	at org.junit.platform.engine.support.hierarchical.NodeTestTask.lambda$executeRecursively$8(NodeTestTask.java:141)
	at org.junit.platform.engine.support.hierarchical.Node.around(Node.java:137)
	at org.junit.platform.engine.support.hierarchical.NodeTestTask.lambda$executeRecursively$9(NodeTestTask.java:139)
	at org.junit.platform.engine.support.hierarchical.ThrowableCollector.execute(ThrowableCollector.java:73)
	at org.junit.platform.engine.support.hierarchical.NodeTestTask.executeRecursively(NodeTestTask.java:138)
	at org.junit.platform.engine.support.hierarchical.NodeTestTask.execute(NodeTestTask.java:95)
	at org.junit.platform.engine.support.hierarchical.SameThreadHierarchicalTestExecutorService.submit(SameThreadHierarchicalTestExecutorService.java:35)
	at org.junit.platform.engine.support.hierarchical.HierarchicalTestExecutor.execute(HierarchicalTestExecutor.java:57)
	at org.junit.platform.engine.support.hierarchical.HierarchicalTestEngine.execute(HierarchicalTestEngine.java:54)
	at org.junit.platform.launcher.core.EngineExecutionOrchestrator.execute(EngineExecutionOrchestrator.java:107)
	at org.junit.platform.launcher.core.EngineExecutionOrchestrator.execute(EngineExecutionOrchestrator.java:88)
	at org.junit.platform.launcher.core.EngineExecutionOrchestrator.lambda$execute$0(EngineExecutionOrchestrator.java:54)
	at org.junit.platform.launcher.core.EngineExecutionOrchestrator.withInterceptedStreams(EngineExecutionOrchestrator.java:67)
	at org.junit.platform.launcher.core.EngineExecutionOrchestrator.execute(EngineExecutionOrchestrator.java:52)
	at org.junit.platform.launcher.core.DefaultLauncher.execute(DefaultLauncher.java:114)
	at org.junit.platform.launcher.core.DefaultLauncher.execute(DefaultLauncher.java:86)
	at org.junit.platform.launcher.core.DefaultLauncherSession$DelegatingLauncher.execute(DefaultLauncherSession.java:86)
	at org.junit.platform.launcher.core.SessionPerRequestLauncher.execute(SessionPerRequestLauncher.java:53)
	at com.intellij.junit5.JUnit5IdeaTestRunner.startRunnerWithArgs(JUnit5IdeaTestRunner.java:57)
	at com.intellij.rt.junit.IdeaTestRunner$Repeater$1.execute(IdeaTestRunner.java:38)
	at com.intellij.rt.execution.junit.TestsRepeater.repeat(TestsRepeater.java:11)
	at com.intellij.rt.junit.IdeaTestRunner$Repeater.startRunnerWithArgs(IdeaTestRunner.java:35)
	at com.intellij.rt.junit.JUnitStarter.prepareStreamsAndStart(JUnitStarter.java:232)
	at com.intellij.rt.junit.JUnitStarter.main(JUnitStarter.java:55)
Caused by: java.lang.IllegalArgumentException: Could not resolve placeholder 'alarm.user' in value "${alarm.user}"
	at org.springframework.util.PropertyPlaceholderHelper.parseStringValue(PropertyPlaceholderHelper.java:180)
	at org.springframework.util.PropertyPlaceholderHelper.replacePlaceholders(PropertyPlaceholderHelper.java:126)
	at org.springframework.core.env.AbstractPropertyResolver.doResolvePlaceholders(AbstractPropertyResolver.java:239)
	at org.springframework.core.env.AbstractPropertyResolver.resolveRequiredPlaceholders(AbstractPropertyResolver.java:210)
	at org.springframework.context.support.PropertySourcesPlaceholderConfigurer.lambda$processProperties$0(PropertySourcesPlaceholderConfigurer.java:191)
	at org.springframework.beans.factory.support.AbstractBeanFactory.resolveEmbeddedValue(AbstractBeanFactory.java:936)
	at org.springframework.beans.factory.support.DefaultListableBeanFactory.doResolveDependency(DefaultListableBeanFactory.java:1332)
	at org.springframework.beans.factory.support.DefaultListableBeanFactory.resolveDependency(DefaultListableBeanFactory.java:1311)
	at org.springframework.beans.factory.annotation.AutowiredAnnotationBeanPostProcessor$AutowiredFieldElement.resolveFieldValue(AutowiredAnnotationBeanPostProcessor.java:710)
	at org.springframework.beans.factory.annotation.AutowiredAnnotationBeanPostProcessor$AutowiredFieldElement.inject(AutowiredAnnotationBeanPostProcessor.java:693)
	at org.springframework.beans.factory.annotation.InjectionMetadata.inject(InjectionMetadata.java:119)
	at org.springframework.beans.factory.annotation.AutowiredAnnotationBeanPostProcessor.postProcessProperties(AutowiredAnnotationBeanPostProcessor.java:408)
	... 87 common frames omitted
[2024-02-23 19:03:12]|||{"logger":"o.s.test.context.TestContextManager", "thread":"main", "msg":"Caught exception while allowing TestExecutionListener [org.springframework.test.context.web.ServletTestExecutionListener@221a3fa4] to prepare test instance [com.coding.blog.web.email.EmailTest@2b395581]"}
java.lang.IllegalStateException: Failed to load ApplicationContext
	at org.springframework.test.context.cache.DefaultCacheAwareContextLoaderDelegate.loadContext(DefaultCacheAwareContextLoaderDelegate.java:98)
	at org.springframework.test.context.support.DefaultTestContext.getApplicationContext(DefaultTestContext.java:124)
	at org.springframework.test.context.web.ServletTestExecutionListener.setUpRequestContextIfNecessary(ServletTestExecutionListener.java:190)
	at org.springframework.test.context.web.ServletTestExecutionListener.prepareTestInstance(ServletTestExecutionListener.java:132)
	at org.springframework.test.context.TestContextManager.prepareTestInstance(TestContextManager.java:248)
	at org.springframework.test.context.junit.jupiter.SpringExtension.postProcessTestInstance(SpringExtension.java:138)
	at org.junit.jupiter.engine.descriptor.ClassBasedTestDescriptor.lambda$invokeTestInstancePostProcessors$8(ClassBasedTestDescriptor.java:363)
	at org.junit.jupiter.engine.descriptor.ClassBasedTestDescriptor.executeAndMaskThrowable(ClassBasedTestDescriptor.java:368)
	at org.junit.jupiter.engine.descriptor.ClassBasedTestDescriptor.lambda$invokeTestInstancePostProcessors$9(ClassBasedTestDescriptor.java:363)
	at java.util.stream.ReferencePipeline$3$1.accept(ReferencePipeline.java:193)
	at java.util.stream.ReferencePipeline$2$1.accept(ReferencePipeline.java:175)
	at java.util.ArrayList$ArrayListSpliterator.forEachRemaining(ArrayList.java:1374)
	at java.util.stream.AbstractPipeline.copyInto(AbstractPipeline.java:481)
	at java.util.stream.AbstractPipeline.wrapAndCopyInto(AbstractPipeline.java:471)
	at java.util.stream.StreamSpliterators$WrappingSpliterator.forEachRemaining(StreamSpliterators.java:312)
	at java.util.stream.Streams$ConcatSpliterator.forEachRemaining(Streams.java:743)
	at java.util.stream.Streams$ConcatSpliterator.forEachRemaining(Streams.java:742)
	at java.util.stream.ReferencePipeline$Head.forEach(ReferencePipeline.java:580)
	at org.junit.jupiter.engine.descriptor.ClassBasedTestDescriptor.invokeTestInstancePostProcessors(ClassBasedTestDescriptor.java:362)
	at org.junit.jupiter.engine.descriptor.ClassBasedTestDescriptor.lambda$instantiateAndPostProcessTestInstance$6(ClassBasedTestDescriptor.java:283)
	at org.junit.platform.engine.support.hierarchical.ThrowableCollector.execute(ThrowableCollector.java:73)
	at org.junit.jupiter.engine.descriptor.ClassBasedTestDescriptor.instantiateAndPostProcessTestInstance(ClassBasedTestDescriptor.java:282)
	at org.junit.jupiter.engine.descriptor.ClassBasedTestDescriptor.lambda$testInstancesProvider$4(ClassBasedTestDescriptor.java:272)
	at java.util.Optional.orElseGet(Optional.java:267)
	at org.junit.jupiter.engine.descriptor.ClassBasedTestDescriptor.lambda$testInstancesProvider$5(ClassBasedTestDescriptor.java:271)
	at org.junit.jupiter.engine.execution.TestInstancesProvider.getTestInstances(TestInstancesProvider.java:31)
	at org.junit.jupiter.engine.descriptor.TestMethodTestDescriptor.lambda$prepare$0(TestMethodTestDescriptor.java:102)
	at org.junit.platform.engine.support.hierarchical.ThrowableCollector.execute(ThrowableCollector.java:73)
	at org.junit.jupiter.engine.descriptor.TestMethodTestDescriptor.prepare(TestMethodTestDescriptor.java:101)
	at org.junit.jupiter.engine.descriptor.TestMethodTestDescriptor.prepare(TestMethodTestDescriptor.java:66)
	at org.junit.platform.engine.support.hierarchical.NodeTestTask.lambda$prepare$2(NodeTestTask.java:123)
	at org.junit.platform.engine.support.hierarchical.ThrowableCollector.execute(ThrowableCollector.java:73)
	at org.junit.platform.engine.support.hierarchical.NodeTestTask.prepare(NodeTestTask.java:123)
	at org.junit.platform.engine.support.hierarchical.NodeTestTask.execute(NodeTestTask.java:90)
	at java.util.ArrayList.forEach(ArrayList.java:1249)
	at org.junit.platform.engine.support.hierarchical.SameThreadHierarchicalTestExecutorService.invokeAll(SameThreadHierarchicalTestExecutorService.java:41)
	at org.junit.platform.engine.support.hierarchical.NodeTestTask.lambda$executeRecursively$6(NodeTestTask.java:155)
	at org.junit.platform.engine.support.hierarchical.ThrowableCollector.execute(ThrowableCollector.java:73)
	at org.junit.platform.engine.support.hierarchical.NodeTestTask.lambda$executeRecursively$8(NodeTestTask.java:141)
	at org.junit.platform.engine.support.hierarchical.Node.around(Node.java:137)
	at org.junit.platform.engine.support.hierarchical.NodeTestTask.lambda$executeRecursively$9(NodeTestTask.java:139)
	at org.junit.platform.engine.support.hierarchical.ThrowableCollector.execute(ThrowableCollector.java:73)
	at org.junit.platform.engine.support.hierarchical.NodeTestTask.executeRecursively(NodeTestTask.java:138)
	at org.junit.platform.engine.support.hierarchical.NodeTestTask.execute(NodeTestTask.java:95)
	at java.util.ArrayList.forEach(ArrayList.java:1249)
	at org.junit.platform.engine.support.hierarchical.SameThreadHierarchicalTestExecutorService.invokeAll(SameThreadHierarchicalTestExecutorService.java:41)
	at org.junit.platform.engine.support.hierarchical.NodeTestTask.lambda$executeRecursively$6(NodeTestTask.java:155)
	at org.junit.platform.engine.support.hierarchical.ThrowableCollector.execute(ThrowableCollector.java:73)
	at org.junit.platform.engine.support.hierarchical.NodeTestTask.lambda$executeRecursively$8(NodeTestTask.java:141)
	at org.junit.platform.engine.support.hierarchical.Node.around(Node.java:137)
	at org.junit.platform.engine.support.hierarchical.NodeTestTask.lambda$executeRecursively$9(NodeTestTask.java:139)
	at org.junit.platform.engine.support.hierarchical.ThrowableCollector.execute(ThrowableCollector.java:73)
	at org.junit.platform.engine.support.hierarchical.NodeTestTask.executeRecursively(NodeTestTask.java:138)
	at org.junit.platform.engine.support.hierarchical.NodeTestTask.execute(NodeTestTask.java:95)
	at org.junit.platform.engine.support.hierarchical.SameThreadHierarchicalTestExecutorService.submit(SameThreadHierarchicalTestExecutorService.java:35)
	at org.junit.platform.engine.support.hierarchical.HierarchicalTestExecutor.execute(HierarchicalTestExecutor.java:57)
	at org.junit.platform.engine.support.hierarchical.HierarchicalTestEngine.execute(HierarchicalTestEngine.java:54)
	at org.junit.platform.launcher.core.EngineExecutionOrchestrator.execute(EngineExecutionOrchestrator.java:107)
	at org.junit.platform.launcher.core.EngineExecutionOrchestrator.execute(EngineExecutionOrchestrator.java:88)
	at org.junit.platform.launcher.core.EngineExecutionOrchestrator.lambda$execute$0(EngineExecutionOrchestrator.java:54)
	at org.junit.platform.launcher.core.EngineExecutionOrchestrator.withInterceptedStreams(EngineExecutionOrchestrator.java:67)
	at org.junit.platform.launcher.core.EngineExecutionOrchestrator.execute(EngineExecutionOrchestrator.java:52)
	at org.junit.platform.launcher.core.DefaultLauncher.execute(DefaultLauncher.java:114)
	at org.junit.platform.launcher.core.DefaultLauncher.execute(DefaultLauncher.java:86)
	at org.junit.platform.launcher.core.DefaultLauncherSession$DelegatingLauncher.execute(DefaultLauncherSession.java:86)
	at org.junit.platform.launcher.core.SessionPerRequestLauncher.execute(SessionPerRequestLauncher.java:53)
	at com.intellij.junit5.JUnit5IdeaTestRunner.startRunnerWithArgs(JUnit5IdeaTestRunner.java:57)
	at com.intellij.rt.junit.IdeaTestRunner$Repeater$1.execute(IdeaTestRunner.java:38)
	at com.intellij.rt.execution.junit.TestsRepeater.repeat(TestsRepeater.java:11)
	at com.intellij.rt.junit.IdeaTestRunner$Repeater.startRunnerWithArgs(IdeaTestRunner.java:35)
	at com.intellij.rt.junit.JUnitStarter.prepareStreamsAndStart(JUnitStarter.java:232)
	at com.intellij.rt.junit.JUnitStarter.main(JUnitStarter.java:55)
Caused by: org.springframework.beans.factory.BeanCreationException: Error creating bean with name 'globeExceptionHandler': Injection of autowired dependencies failed; nested exception is java.lang.IllegalArgumentException: Could not resolve placeholder 'alarm.user' in value "${alarm.user}"
	at org.springframework.beans.factory.annotation.AutowiredAnnotationBeanPostProcessor.postProcessProperties(AutowiredAnnotationBeanPostProcessor.java:414)
	at org.springframework.beans.factory.support.AbstractAutowireCapableBeanFactory.populateBean(AbstractAutowireCapableBeanFactory.java:1431)
	at org.springframework.beans.factory.support.AbstractAutowireCapableBeanFactory.doCreateBean(AbstractAutowireCapableBeanFactory.java:619)
	at org.springframework.beans.factory.support.AbstractAutowireCapableBeanFactory.createBean(AbstractAutowireCapableBeanFactory.java:542)
	at org.springframework.beans.factory.support.AbstractBeanFactory.lambda$doGetBean$0(AbstractBeanFactory.java:335)
	at org.springframework.beans.factory.support.DefaultSingletonBeanRegistry.getSingleton(DefaultSingletonBeanRegistry.java:234)
	at org.springframework.beans.factory.support.AbstractBeanFactory.doGetBean(AbstractBeanFactory.java:333)
	at org.springframework.beans.factory.support.AbstractBeanFactory.getBean(AbstractBeanFactory.java:208)
	at org.springframework.beans.factory.support.DefaultListableBeanFactory.preInstantiateSingletons(DefaultListableBeanFactory.java:955)
	at org.springframework.context.support.AbstractApplicationContext.finishBeanFactoryInitialization(AbstractApplicationContext.java:921)
	at org.springframework.context.support.AbstractApplicationContext.refresh(AbstractApplicationContext.java:583)
	at org.springframework.boot.SpringApplication.refresh(SpringApplication.java:732)
	at org.springframework.boot.SpringApplication.refreshContext(SpringApplication.java:409)
	at org.springframework.boot.SpringApplication.run(SpringApplication.java:308)
	at org.springframework.boot.test.context.SpringBootContextLoader.loadContext(SpringBootContextLoader.java:136)
	at org.springframework.test.context.cache.DefaultCacheAwareContextLoaderDelegate.loadContextInternal(DefaultCacheAwareContextLoaderDelegate.java:141)
	at org.springframework.test.context.cache.DefaultCacheAwareContextLoaderDelegate.loadContext(DefaultCacheAwareContextLoaderDelegate.java:90)
	... 71 common frames omitted
Caused by: java.lang.IllegalArgumentException: Could not resolve placeholder 'alarm.user' in value "${alarm.user}"
	at org.springframework.util.PropertyPlaceholderHelper.parseStringValue(PropertyPlaceholderHelper.java:180)
	at org.springframework.util.PropertyPlaceholderHelper.replacePlaceholders(PropertyPlaceholderHelper.java:126)
	at org.springframework.core.env.AbstractPropertyResolver.doResolvePlaceholders(AbstractPropertyResolver.java:239)
	at org.springframework.core.env.AbstractPropertyResolver.resolveRequiredPlaceholders(AbstractPropertyResolver.java:210)
	at org.springframework.context.support.PropertySourcesPlaceholderConfigurer.lambda$processProperties$0(PropertySourcesPlaceholderConfigurer.java:191)
	at org.springframework.beans.factory.support.AbstractBeanFactory.resolveEmbeddedValue(AbstractBeanFactory.java:936)
	at org.springframework.beans.factory.support.DefaultListableBeanFactory.doResolveDependency(DefaultListableBeanFactory.java:1332)
	at org.springframework.beans.factory.support.DefaultListableBeanFactory.resolveDependency(DefaultListableBeanFactory.java:1311)
	at org.springframework.beans.factory.annotation.AutowiredAnnotationBeanPostProcessor$AutowiredFieldElement.resolveFieldValue(AutowiredAnnotationBeanPostProcessor.java:710)
	at org.springframework.beans.factory.annotation.AutowiredAnnotationBeanPostProcessor$AutowiredFieldElement.inject(AutowiredAnnotationBeanPostProcessor.java:693)
	at org.springframework.beans.factory.annotation.InjectionMetadata.inject(InjectionMetadata.java:119)
	at org.springframework.beans.factory.annotation.AutowiredAnnotationBeanPostProcessor.postProcessProperties(AutowiredAnnotationBeanPostProcessor.java:408)
	... 87 common frames omitted
[2024-02-23 19:09:27]|||{"logger":"com.coding.blog.web.email.EmailTest", "thread":"main", "msg":"Starting EmailTest using Java 1.8.0_101 on DESKTOP-4C76UQ5 with PID 25960 (started by Administrator in D:\JavaCount\project\SpringBootProject\coding-blog\coding-web)"}
[2024-02-23 19:09:27]|||{"logger":"com.coding.blog.web.email.EmailTest", "thread":"main", "msg":"No active profile set, falling back to 1 default profile: "default""}
[2024-02-23 19:09:28]|||{"logger":"o.s.d.r.c.RepositoryConfigurationDelegate", "thread":"main", "msg":"Multiple Spring Data modules found, entering strict repository configuration mode"}
[2024-02-23 19:09:28]|||{"logger":"o.s.d.r.c.RepositoryConfigurationDelegate", "thread":"main", "msg":"Bootstrapping Spring Data Redis repositories in DEFAULT mode."}
[2024-02-23 19:09:28]|||{"logger":"o.s.d.r.c.RepositoryConfigurationDelegate", "thread":"main", "msg":"Finished Spring Data repository scanning in 14 ms. Found 0 Redis repository interfaces."}
[2024-02-23 19:09:28]|||{"logger":"o.m.s.mapper.ClassPathMapperScanner", "thread":"main", "msg":"Skipping MapperFactoryBean with name 'adminRoleRelationMapper' and 'com.coding.blog.service.mapper.AdminRoleRelationMapper' mapperInterface. Bean already defined with the same name!"}
[2024-02-23 19:09:28]|||{"logger":"o.m.s.mapper.ClassPathMapperScanner", "thread":"main", "msg":"Skipping MapperFactoryBean with name 'commentsMapper' and 'com.coding.blog.service.mapper.CommentsMapper' mapperInterface. Bean already defined with the same name!"}
[2024-02-23 19:09:28]|||{"logger":"o.m.s.mapper.ClassPathMapperScanner", "thread":"main", "msg":"Skipping MapperFactoryBean with name 'linksMapper' and 'com.coding.blog.service.mapper.LinksMapper' mapperInterface. Bean already defined with the same name!"}
[2024-02-23 19:09:28]|||{"logger":"o.m.s.mapper.ClassPathMapperScanner", "thread":"main", "msg":"Skipping MapperFactoryBean with name 'menuMapper' and 'com.coding.blog.service.mapper.MenuMapper' mapperInterface. Bean already defined with the same name!"}
[2024-02-23 19:09:28]|||{"logger":"o.m.s.mapper.ClassPathMapperScanner", "thread":"main", "msg":"Skipping MapperFactoryBean with name 'postTagMapper' and 'com.coding.blog.service.mapper.PostTagMapper' mapperInterface. Bean already defined with the same name!"}
[2024-02-23 19:09:28]|||{"logger":"o.m.s.mapper.ClassPathMapperScanner", "thread":"main", "msg":"Skipping MapperFactoryBean with name 'postTagRelationMapper' and 'com.coding.blog.service.mapper.PostTagRelationMapper' mapperInterface. Bean already defined with the same name!"}
[2024-02-23 19:09:28]|||{"logger":"o.m.s.mapper.ClassPathMapperScanner", "thread":"main", "msg":"Skipping MapperFactoryBean with name 'postsMapper' and 'com.coding.blog.service.mapper.PostsMapper' mapperInterface. Bean already defined with the same name!"}
[2024-02-23 19:09:28]|||{"logger":"o.m.s.mapper.ClassPathMapperScanner", "thread":"main", "msg":"Skipping MapperFactoryBean with name 'resourceCategoryMapper' and 'com.coding.blog.service.mapper.ResourceCategoryMapper' mapperInterface. Bean already defined with the same name!"}
[2024-02-23 19:09:28]|||{"logger":"o.m.s.mapper.ClassPathMapperScanner", "thread":"main", "msg":"Skipping MapperFactoryBean with name 'resourceMapper' and 'com.coding.blog.service.mapper.ResourceMapper' mapperInterface. Bean already defined with the same name!"}
[2024-02-23 19:09:28]|||{"logger":"o.m.s.mapper.ClassPathMapperScanner", "thread":"main", "msg":"Skipping MapperFactoryBean with name 'roleMapper' and 'com.coding.blog.service.mapper.RoleMapper' mapperInterface. Bean already defined with the same name!"}
[2024-02-23 19:09:28]|||{"logger":"o.m.s.mapper.ClassPathMapperScanner", "thread":"main", "msg":"Skipping MapperFactoryBean with name 'roleMenuRelationMapper' and 'com.coding.blog.service.mapper.RoleMenuRelationMapper' mapperInterface. Bean already defined with the same name!"}
[2024-02-23 19:09:28]|||{"logger":"o.m.s.mapper.ClassPathMapperScanner", "thread":"main", "msg":"Skipping MapperFactoryBean with name 'roleResourceRelationMapper' and 'com.coding.blog.service.mapper.RoleResourceRelationMapper' mapperInterface. Bean already defined with the same name!"}
[2024-02-23 19:09:28]|||{"logger":"o.m.s.mapper.ClassPathMapperScanner", "thread":"main", "msg":"Skipping MapperFactoryBean with name 'siteMapper' and 'com.coding.blog.service.mapper.SiteMapper' mapperInterface. Bean already defined with the same name!"}
[2024-02-23 19:09:28]|||{"logger":"o.m.s.mapper.ClassPathMapperScanner", "thread":"main", "msg":"Skipping MapperFactoryBean with name 'termRelationshipsMapper' and 'com.coding.blog.service.mapper.TermRelationshipsMapper' mapperInterface. Bean already defined with the same name!"}
[2024-02-23 19:09:28]|||{"logger":"o.m.s.mapper.ClassPathMapperScanner", "thread":"main", "msg":"Skipping MapperFactoryBean with name 'termTaxonomyMapper' and 'com.coding.blog.service.mapper.TermTaxonomyMapper' mapperInterface. Bean already defined with the same name!"}
[2024-02-23 19:09:28]|||{"logger":"o.m.s.mapper.ClassPathMapperScanner", "thread":"main", "msg":"Skipping MapperFactoryBean with name 'usersMapper' and 'com.coding.blog.service.mapper.UsersMapper' mapperInterface. Bean already defined with the same name!"}
[2024-02-23 19:09:28]|||{"logger":"o.m.s.mapper.ClassPathMapperScanner", "thread":"main", "msg":"No MyBatis mapper was found in '[com.coding.blog.service.mapper]' package. Please check your configuration."}
[2024-02-23 19:09:28]|||{"logger":"c.c.b.s.s.i.oss.impl.AliOssWrapper", "thread":"main", "msg":"init ossClient"}
[2024-02-23 19:09:31]|||{"logger":"o.s.w.c.s.GenericWebApplicationContext", "thread":"main", "msg":"Exception encountered during context initialization - cancelling refresh attempt: org.springframework.beans.factory.BeanCreationException: Error creating bean with name 'globeExceptionHandler': Injection of autowired dependencies failed; nested exception is java.lang.IllegalArgumentException: Could not resolve placeholder 'alarm.user' in value "${alarm.user}""}
[2024-02-23 19:09:31]|||{"logger":"c.alibaba.druid.pool.DruidDataSource", "thread":"main", "msg":"{dataSource-0} closing ..."}
[2024-02-23 19:09:31]|||{"logger":"o.s.b.a.l.ConditionEvaluationReportLoggingListener", "thread":"main", "msg":"

Error starting ApplicationContext. To display the conditions report re-run your application with 'debug' enabled."}
[2024-02-23 19:09:31]|||{"logger":"o.s.boot.SpringApplication", "thread":"main", "msg":"Application run failed"}
org.springframework.beans.factory.BeanCreationException: Error creating bean with name 'globeExceptionHandler': Injection of autowired dependencies failed; nested exception is java.lang.IllegalArgumentException: Could not resolve placeholder 'alarm.user' in value "${alarm.user}"
	at org.springframework.beans.factory.annotation.AutowiredAnnotationBeanPostProcessor.postProcessProperties(AutowiredAnnotationBeanPostProcessor.java:414)
	at org.springframework.beans.factory.support.AbstractAutowireCapableBeanFactory.populateBean(AbstractAutowireCapableBeanFactory.java:1431)
	at org.springframework.beans.factory.support.AbstractAutowireCapableBeanFactory.doCreateBean(AbstractAutowireCapableBeanFactory.java:619)
	at org.springframework.beans.factory.support.AbstractAutowireCapableBeanFactory.createBean(AbstractAutowireCapableBeanFactory.java:542)
	at org.springframework.beans.factory.support.AbstractBeanFactory.lambda$doGetBean$0(AbstractBeanFactory.java:335)
	at org.springframework.beans.factory.support.DefaultSingletonBeanRegistry.getSingleton(DefaultSingletonBeanRegistry.java:234)
	at org.springframework.beans.factory.support.AbstractBeanFactory.doGetBean(AbstractBeanFactory.java:333)
	at org.springframework.beans.factory.support.AbstractBeanFactory.getBean(AbstractBeanFactory.java:208)
	at org.springframework.beans.factory.support.DefaultListableBeanFactory.preInstantiateSingletons(DefaultListableBeanFactory.java:955)
	at org.springframework.context.support.AbstractApplicationContext.finishBeanFactoryInitialization(AbstractApplicationContext.java:921)
	at org.springframework.context.support.AbstractApplicationContext.refresh(AbstractApplicationContext.java:583)
	at org.springframework.boot.SpringApplication.refresh(SpringApplication.java:732)
	at org.springframework.boot.SpringApplication.refreshContext(SpringApplication.java:409)
	at org.springframework.boot.SpringApplication.run(SpringApplication.java:308)
	at org.springframework.boot.test.context.SpringBootContextLoader.loadContext(SpringBootContextLoader.java:136)
	at org.springframework.test.context.cache.DefaultCacheAwareContextLoaderDelegate.loadContextInternal(DefaultCacheAwareContextLoaderDelegate.java:141)
	at org.springframework.test.context.cache.DefaultCacheAwareContextLoaderDelegate.loadContext(DefaultCacheAwareContextLoaderDelegate.java:90)
	at org.springframework.test.context.support.DefaultTestContext.getApplicationContext(DefaultTestContext.java:124)
	at org.springframework.test.context.web.ServletTestExecutionListener.setUpRequestContextIfNecessary(ServletTestExecutionListener.java:190)
	at org.springframework.test.context.web.ServletTestExecutionListener.prepareTestInstance(ServletTestExecutionListener.java:132)
	at org.springframework.test.context.TestContextManager.prepareTestInstance(TestContextManager.java:248)
	at org.springframework.test.context.junit.jupiter.SpringExtension.postProcessTestInstance(SpringExtension.java:138)
	at org.junit.jupiter.engine.descriptor.ClassBasedTestDescriptor.lambda$invokeTestInstancePostProcessors$8(ClassBasedTestDescriptor.java:363)
	at org.junit.jupiter.engine.descriptor.ClassBasedTestDescriptor.executeAndMaskThrowable(ClassBasedTestDescriptor.java:368)
	at org.junit.jupiter.engine.descriptor.ClassBasedTestDescriptor.lambda$invokeTestInstancePostProcessors$9(ClassBasedTestDescriptor.java:363)
	at java.util.stream.ReferencePipeline$3$1.accept(ReferencePipeline.java:193)
	at java.util.stream.ReferencePipeline$2$1.accept(ReferencePipeline.java:175)
	at java.util.ArrayList$ArrayListSpliterator.forEachRemaining(ArrayList.java:1374)
	at java.util.stream.AbstractPipeline.copyInto(AbstractPipeline.java:481)
	at java.util.stream.AbstractPipeline.wrapAndCopyInto(AbstractPipeline.java:471)
	at java.util.stream.StreamSpliterators$WrappingSpliterator.forEachRemaining(StreamSpliterators.java:312)
	at java.util.stream.Streams$ConcatSpliterator.forEachRemaining(Streams.java:743)
	at java.util.stream.Streams$ConcatSpliterator.forEachRemaining(Streams.java:742)
	at java.util.stream.ReferencePipeline$Head.forEach(ReferencePipeline.java:580)
	at org.junit.jupiter.engine.descriptor.ClassBasedTestDescriptor.invokeTestInstancePostProcessors(ClassBasedTestDescriptor.java:362)
	at org.junit.jupiter.engine.descriptor.ClassBasedTestDescriptor.lambda$instantiateAndPostProcessTestInstance$6(ClassBasedTestDescriptor.java:283)
	at org.junit.platform.engine.support.hierarchical.ThrowableCollector.execute(ThrowableCollector.java:73)
	at org.junit.jupiter.engine.descriptor.ClassBasedTestDescriptor.instantiateAndPostProcessTestInstance(ClassBasedTestDescriptor.java:282)
	at org.junit.jupiter.engine.descriptor.ClassBasedTestDescriptor.lambda$testInstancesProvider$4(ClassBasedTestDescriptor.java:272)
	at java.util.Optional.orElseGet(Optional.java:267)
	at org.junit.jupiter.engine.descriptor.ClassBasedTestDescriptor.lambda$testInstancesProvider$5(ClassBasedTestDescriptor.java:271)
	at org.junit.jupiter.engine.execution.TestInstancesProvider.getTestInstances(TestInstancesProvider.java:31)
	at org.junit.jupiter.engine.descriptor.TestMethodTestDescriptor.lambda$prepare$0(TestMethodTestDescriptor.java:102)
	at org.junit.platform.engine.support.hierarchical.ThrowableCollector.execute(ThrowableCollector.java:73)
	at org.junit.jupiter.engine.descriptor.TestMethodTestDescriptor.prepare(TestMethodTestDescriptor.java:101)
	at org.junit.jupiter.engine.descriptor.TestMethodTestDescriptor.prepare(TestMethodTestDescriptor.java:66)
	at org.junit.platform.engine.support.hierarchical.NodeTestTask.lambda$prepare$2(NodeTestTask.java:123)
	at org.junit.platform.engine.support.hierarchical.ThrowableCollector.execute(ThrowableCollector.java:73)
	at org.junit.platform.engine.support.hierarchical.NodeTestTask.prepare(NodeTestTask.java:123)
	at org.junit.platform.engine.support.hierarchical.NodeTestTask.execute(NodeTestTask.java:90)
	at java.util.ArrayList.forEach(ArrayList.java:1249)
	at org.junit.platform.engine.support.hierarchical.SameThreadHierarchicalTestExecutorService.invokeAll(SameThreadHierarchicalTestExecutorService.java:41)
	at org.junit.platform.engine.support.hierarchical.NodeTestTask.lambda$executeRecursively$6(NodeTestTask.java:155)
	at org.junit.platform.engine.support.hierarchical.ThrowableCollector.execute(ThrowableCollector.java:73)
	at org.junit.platform.engine.support.hierarchical.NodeTestTask.lambda$executeRecursively$8(NodeTestTask.java:141)
	at org.junit.platform.engine.support.hierarchical.Node.around(Node.java:137)
	at org.junit.platform.engine.support.hierarchical.NodeTestTask.lambda$executeRecursively$9(NodeTestTask.java:139)
	at org.junit.platform.engine.support.hierarchical.ThrowableCollector.execute(ThrowableCollector.java:73)
	at org.junit.platform.engine.support.hierarchical.NodeTestTask.executeRecursively(NodeTestTask.java:138)
	at org.junit.platform.engine.support.hierarchical.NodeTestTask.execute(NodeTestTask.java:95)
	at java.util.ArrayList.forEach(ArrayList.java:1249)
	at org.junit.platform.engine.support.hierarchical.SameThreadHierarchicalTestExecutorService.invokeAll(SameThreadHierarchicalTestExecutorService.java:41)
	at org.junit.platform.engine.support.hierarchical.NodeTestTask.lambda$executeRecursively$6(NodeTestTask.java:155)
	at org.junit.platform.engine.support.hierarchical.ThrowableCollector.execute(ThrowableCollector.java:73)
	at org.junit.platform.engine.support.hierarchical.NodeTestTask.lambda$executeRecursively$8(NodeTestTask.java:141)
	at org.junit.platform.engine.support.hierarchical.Node.around(Node.java:137)
	at org.junit.platform.engine.support.hierarchical.NodeTestTask.lambda$executeRecursively$9(NodeTestTask.java:139)
	at org.junit.platform.engine.support.hierarchical.ThrowableCollector.execute(ThrowableCollector.java:73)
	at org.junit.platform.engine.support.hierarchical.NodeTestTask.executeRecursively(NodeTestTask.java:138)
	at org.junit.platform.engine.support.hierarchical.NodeTestTask.execute(NodeTestTask.java:95)
	at org.junit.platform.engine.support.hierarchical.SameThreadHierarchicalTestExecutorService.submit(SameThreadHierarchicalTestExecutorService.java:35)
	at org.junit.platform.engine.support.hierarchical.HierarchicalTestExecutor.execute(HierarchicalTestExecutor.java:57)
	at org.junit.platform.engine.support.hierarchical.HierarchicalTestEngine.execute(HierarchicalTestEngine.java:54)
	at org.junit.platform.launcher.core.EngineExecutionOrchestrator.execute(EngineExecutionOrchestrator.java:107)
	at org.junit.platform.launcher.core.EngineExecutionOrchestrator.execute(EngineExecutionOrchestrator.java:88)
	at org.junit.platform.launcher.core.EngineExecutionOrchestrator.lambda$execute$0(EngineExecutionOrchestrator.java:54)
	at org.junit.platform.launcher.core.EngineExecutionOrchestrator.withInterceptedStreams(EngineExecutionOrchestrator.java:67)
	at org.junit.platform.launcher.core.EngineExecutionOrchestrator.execute(EngineExecutionOrchestrator.java:52)
	at org.junit.platform.launcher.core.DefaultLauncher.execute(DefaultLauncher.java:114)
	at org.junit.platform.launcher.core.DefaultLauncher.execute(DefaultLauncher.java:86)
	at org.junit.platform.launcher.core.DefaultLauncherSession$DelegatingLauncher.execute(DefaultLauncherSession.java:86)
	at org.junit.platform.launcher.core.SessionPerRequestLauncher.execute(SessionPerRequestLauncher.java:53)
	at com.intellij.junit5.JUnit5IdeaTestRunner.startRunnerWithArgs(JUnit5IdeaTestRunner.java:57)
	at com.intellij.rt.junit.IdeaTestRunner$Repeater$1.execute(IdeaTestRunner.java:38)
	at com.intellij.rt.execution.junit.TestsRepeater.repeat(TestsRepeater.java:11)
	at com.intellij.rt.junit.IdeaTestRunner$Repeater.startRunnerWithArgs(IdeaTestRunner.java:35)
	at com.intellij.rt.junit.JUnitStarter.prepareStreamsAndStart(JUnitStarter.java:232)
	at com.intellij.rt.junit.JUnitStarter.main(JUnitStarter.java:55)
Caused by: java.lang.IllegalArgumentException: Could not resolve placeholder 'alarm.user' in value "${alarm.user}"
	at org.springframework.util.PropertyPlaceholderHelper.parseStringValue(PropertyPlaceholderHelper.java:180)
	at org.springframework.util.PropertyPlaceholderHelper.replacePlaceholders(PropertyPlaceholderHelper.java:126)
	at org.springframework.core.env.AbstractPropertyResolver.doResolvePlaceholders(AbstractPropertyResolver.java:239)
	at org.springframework.core.env.AbstractPropertyResolver.resolveRequiredPlaceholders(AbstractPropertyResolver.java:210)
	at org.springframework.context.support.PropertySourcesPlaceholderConfigurer.lambda$processProperties$0(PropertySourcesPlaceholderConfigurer.java:191)
	at org.springframework.beans.factory.support.AbstractBeanFactory.resolveEmbeddedValue(AbstractBeanFactory.java:936)
	at org.springframework.beans.factory.support.DefaultListableBeanFactory.doResolveDependency(DefaultListableBeanFactory.java:1332)
	at org.springframework.beans.factory.support.DefaultListableBeanFactory.resolveDependency(DefaultListableBeanFactory.java:1311)
	at org.springframework.beans.factory.annotation.AutowiredAnnotationBeanPostProcessor$AutowiredFieldElement.resolveFieldValue(AutowiredAnnotationBeanPostProcessor.java:710)
	at org.springframework.beans.factory.annotation.AutowiredAnnotationBeanPostProcessor$AutowiredFieldElement.inject(AutowiredAnnotationBeanPostProcessor.java:693)
	at org.springframework.beans.factory.annotation.InjectionMetadata.inject(InjectionMetadata.java:119)
	at org.springframework.beans.factory.annotation.AutowiredAnnotationBeanPostProcessor.postProcessProperties(AutowiredAnnotationBeanPostProcessor.java:408)
	... 87 common frames omitted
[2024-02-23 19:09:31]|||{"logger":"o.s.test.context.TestContextManager", "thread":"main", "msg":"Caught exception while allowing TestExecutionListener [org.springframework.test.context.web.ServletTestExecutionListener@221a3fa4] to prepare test instance [com.coding.blog.web.email.EmailTest@192b472d]"}
java.lang.IllegalStateException: Failed to load ApplicationContext
	at org.springframework.test.context.cache.DefaultCacheAwareContextLoaderDelegate.loadContext(DefaultCacheAwareContextLoaderDelegate.java:98)
	at org.springframework.test.context.support.DefaultTestContext.getApplicationContext(DefaultTestContext.java:124)
	at org.springframework.test.context.web.ServletTestExecutionListener.setUpRequestContextIfNecessary(ServletTestExecutionListener.java:190)
	at org.springframework.test.context.web.ServletTestExecutionListener.prepareTestInstance(ServletTestExecutionListener.java:132)
	at org.springframework.test.context.TestContextManager.prepareTestInstance(TestContextManager.java:248)
	at org.springframework.test.context.junit.jupiter.SpringExtension.postProcessTestInstance(SpringExtension.java:138)
	at org.junit.jupiter.engine.descriptor.ClassBasedTestDescriptor.lambda$invokeTestInstancePostProcessors$8(ClassBasedTestDescriptor.java:363)
	at org.junit.jupiter.engine.descriptor.ClassBasedTestDescriptor.executeAndMaskThrowable(ClassBasedTestDescriptor.java:368)
	at org.junit.jupiter.engine.descriptor.ClassBasedTestDescriptor.lambda$invokeTestInstancePostProcessors$9(ClassBasedTestDescriptor.java:363)
	at java.util.stream.ReferencePipeline$3$1.accept(ReferencePipeline.java:193)
	at java.util.stream.ReferencePipeline$2$1.accept(ReferencePipeline.java:175)
	at java.util.ArrayList$ArrayListSpliterator.forEachRemaining(ArrayList.java:1374)
	at java.util.stream.AbstractPipeline.copyInto(AbstractPipeline.java:481)
	at java.util.stream.AbstractPipeline.wrapAndCopyInto(AbstractPipeline.java:471)
	at java.util.stream.StreamSpliterators$WrappingSpliterator.forEachRemaining(StreamSpliterators.java:312)
	at java.util.stream.Streams$ConcatSpliterator.forEachRemaining(Streams.java:743)
	at java.util.stream.Streams$ConcatSpliterator.forEachRemaining(Streams.java:742)
	at java.util.stream.ReferencePipeline$Head.forEach(ReferencePipeline.java:580)
	at org.junit.jupiter.engine.descriptor.ClassBasedTestDescriptor.invokeTestInstancePostProcessors(ClassBasedTestDescriptor.java:362)
	at org.junit.jupiter.engine.descriptor.ClassBasedTestDescriptor.lambda$instantiateAndPostProcessTestInstance$6(ClassBasedTestDescriptor.java:283)
	at org.junit.platform.engine.support.hierarchical.ThrowableCollector.execute(ThrowableCollector.java:73)
	at org.junit.jupiter.engine.descriptor.ClassBasedTestDescriptor.instantiateAndPostProcessTestInstance(ClassBasedTestDescriptor.java:282)
	at org.junit.jupiter.engine.descriptor.ClassBasedTestDescriptor.lambda$testInstancesProvider$4(ClassBasedTestDescriptor.java:272)
	at java.util.Optional.orElseGet(Optional.java:267)
	at org.junit.jupiter.engine.descriptor.ClassBasedTestDescriptor.lambda$testInstancesProvider$5(ClassBasedTestDescriptor.java:271)
	at org.junit.jupiter.engine.execution.TestInstancesProvider.getTestInstances(TestInstancesProvider.java:31)
	at org.junit.jupiter.engine.descriptor.TestMethodTestDescriptor.lambda$prepare$0(TestMethodTestDescriptor.java:102)
	at org.junit.platform.engine.support.hierarchical.ThrowableCollector.execute(ThrowableCollector.java:73)
	at org.junit.jupiter.engine.descriptor.TestMethodTestDescriptor.prepare(TestMethodTestDescriptor.java:101)
	at org.junit.jupiter.engine.descriptor.TestMethodTestDescriptor.prepare(TestMethodTestDescriptor.java:66)
	at org.junit.platform.engine.support.hierarchical.NodeTestTask.lambda$prepare$2(NodeTestTask.java:123)
	at org.junit.platform.engine.support.hierarchical.ThrowableCollector.execute(ThrowableCollector.java:73)
	at org.junit.platform.engine.support.hierarchical.NodeTestTask.prepare(NodeTestTask.java:123)
	at org.junit.platform.engine.support.hierarchical.NodeTestTask.execute(NodeTestTask.java:90)
	at java.util.ArrayList.forEach(ArrayList.java:1249)
	at org.junit.platform.engine.support.hierarchical.SameThreadHierarchicalTestExecutorService.invokeAll(SameThreadHierarchicalTestExecutorService.java:41)
	at org.junit.platform.engine.support.hierarchical.NodeTestTask.lambda$executeRecursively$6(NodeTestTask.java:155)
	at org.junit.platform.engine.support.hierarchical.ThrowableCollector.execute(ThrowableCollector.java:73)
	at org.junit.platform.engine.support.hierarchical.NodeTestTask.lambda$executeRecursively$8(NodeTestTask.java:141)
	at org.junit.platform.engine.support.hierarchical.Node.around(Node.java:137)
	at org.junit.platform.engine.support.hierarchical.NodeTestTask.lambda$executeRecursively$9(NodeTestTask.java:139)
	at org.junit.platform.engine.support.hierarchical.ThrowableCollector.execute(ThrowableCollector.java:73)
	at org.junit.platform.engine.support.hierarchical.NodeTestTask.executeRecursively(NodeTestTask.java:138)
	at org.junit.platform.engine.support.hierarchical.NodeTestTask.execute(NodeTestTask.java:95)
	at java.util.ArrayList.forEach(ArrayList.java:1249)
	at org.junit.platform.engine.support.hierarchical.SameThreadHierarchicalTestExecutorService.invokeAll(SameThreadHierarchicalTestExecutorService.java:41)
	at org.junit.platform.engine.support.hierarchical.NodeTestTask.lambda$executeRecursively$6(NodeTestTask.java:155)
	at org.junit.platform.engine.support.hierarchical.ThrowableCollector.execute(ThrowableCollector.java:73)
	at org.junit.platform.engine.support.hierarchical.NodeTestTask.lambda$executeRecursively$8(NodeTestTask.java:141)
	at org.junit.platform.engine.support.hierarchical.Node.around(Node.java:137)
	at org.junit.platform.engine.support.hierarchical.NodeTestTask.lambda$executeRecursively$9(NodeTestTask.java:139)
	at org.junit.platform.engine.support.hierarchical.ThrowableCollector.execute(ThrowableCollector.java:73)
	at org.junit.platform.engine.support.hierarchical.NodeTestTask.executeRecursively(NodeTestTask.java:138)
	at org.junit.platform.engine.support.hierarchical.NodeTestTask.execute(NodeTestTask.java:95)
	at org.junit.platform.engine.support.hierarchical.SameThreadHierarchicalTestExecutorService.submit(SameThreadHierarchicalTestExecutorService.java:35)
	at org.junit.platform.engine.support.hierarchical.HierarchicalTestExecutor.execute(HierarchicalTestExecutor.java:57)
	at org.junit.platform.engine.support.hierarchical.HierarchicalTestEngine.execute(HierarchicalTestEngine.java:54)
	at org.junit.platform.launcher.core.EngineExecutionOrchestrator.execute(EngineExecutionOrchestrator.java:107)
	at org.junit.platform.launcher.core.EngineExecutionOrchestrator.execute(EngineExecutionOrchestrator.java:88)
	at org.junit.platform.launcher.core.EngineExecutionOrchestrator.lambda$execute$0(EngineExecutionOrchestrator.java:54)
	at org.junit.platform.launcher.core.EngineExecutionOrchestrator.withInterceptedStreams(EngineExecutionOrchestrator.java:67)
	at org.junit.platform.launcher.core.EngineExecutionOrchestrator.execute(EngineExecutionOrchestrator.java:52)
	at org.junit.platform.launcher.core.DefaultLauncher.execute(DefaultLauncher.java:114)
	at org.junit.platform.launcher.core.DefaultLauncher.execute(DefaultLauncher.java:86)
	at org.junit.platform.launcher.core.DefaultLauncherSession$DelegatingLauncher.execute(DefaultLauncherSession.java:86)
	at org.junit.platform.launcher.core.SessionPerRequestLauncher.execute(SessionPerRequestLauncher.java:53)
	at com.intellij.junit5.JUnit5IdeaTestRunner.startRunnerWithArgs(JUnit5IdeaTestRunner.java:57)
	at com.intellij.rt.junit.IdeaTestRunner$Repeater$1.execute(IdeaTestRunner.java:38)
	at com.intellij.rt.execution.junit.TestsRepeater.repeat(TestsRepeater.java:11)
	at com.intellij.rt.junit.IdeaTestRunner$Repeater.startRunnerWithArgs(IdeaTestRunner.java:35)
	at com.intellij.rt.junit.JUnitStarter.prepareStreamsAndStart(JUnitStarter.java:232)
	at com.intellij.rt.junit.JUnitStarter.main(JUnitStarter.java:55)
Caused by: org.springframework.beans.factory.BeanCreationException: Error creating bean with name 'globeExceptionHandler': Injection of autowired dependencies failed; nested exception is java.lang.IllegalArgumentException: Could not resolve placeholder 'alarm.user' in value "${alarm.user}"
	at org.springframework.beans.factory.annotation.AutowiredAnnotationBeanPostProcessor.postProcessProperties(AutowiredAnnotationBeanPostProcessor.java:414)
	at org.springframework.beans.factory.support.AbstractAutowireCapableBeanFactory.populateBean(AbstractAutowireCapableBeanFactory.java:1431)
	at org.springframework.beans.factory.support.AbstractAutowireCapableBeanFactory.doCreateBean(AbstractAutowireCapableBeanFactory.java:619)
	at org.springframework.beans.factory.support.AbstractAutowireCapableBeanFactory.createBean(AbstractAutowireCapableBeanFactory.java:542)
	at org.springframework.beans.factory.support.AbstractBeanFactory.lambda$doGetBean$0(AbstractBeanFactory.java:335)
	at org.springframework.beans.factory.support.DefaultSingletonBeanRegistry.getSingleton(DefaultSingletonBeanRegistry.java:234)
	at org.springframework.beans.factory.support.AbstractBeanFactory.doGetBean(AbstractBeanFactory.java:333)
	at org.springframework.beans.factory.support.AbstractBeanFactory.getBean(AbstractBeanFactory.java:208)
	at org.springframework.beans.factory.support.DefaultListableBeanFactory.preInstantiateSingletons(DefaultListableBeanFactory.java:955)
	at org.springframework.context.support.AbstractApplicationContext.finishBeanFactoryInitialization(AbstractApplicationContext.java:921)
	at org.springframework.context.support.AbstractApplicationContext.refresh(AbstractApplicationContext.java:583)
	at org.springframework.boot.SpringApplication.refresh(SpringApplication.java:732)
	at org.springframework.boot.SpringApplication.refreshContext(SpringApplication.java:409)
	at org.springframework.boot.SpringApplication.run(SpringApplication.java:308)
	at org.springframework.boot.test.context.SpringBootContextLoader.loadContext(SpringBootContextLoader.java:136)
	at org.springframework.test.context.cache.DefaultCacheAwareContextLoaderDelegate.loadContextInternal(DefaultCacheAwareContextLoaderDelegate.java:141)
	at org.springframework.test.context.cache.DefaultCacheAwareContextLoaderDelegate.loadContext(DefaultCacheAwareContextLoaderDelegate.java:90)
	... 71 common frames omitted
Caused by: java.lang.IllegalArgumentException: Could not resolve placeholder 'alarm.user' in value "${alarm.user}"
	at org.springframework.util.PropertyPlaceholderHelper.parseStringValue(PropertyPlaceholderHelper.java:180)
	at org.springframework.util.PropertyPlaceholderHelper.replacePlaceholders(PropertyPlaceholderHelper.java:126)
	at org.springframework.core.env.AbstractPropertyResolver.doResolvePlaceholders(AbstractPropertyResolver.java:239)
	at org.springframework.core.env.AbstractPropertyResolver.resolveRequiredPlaceholders(AbstractPropertyResolver.java:210)
	at org.springframework.context.support.PropertySourcesPlaceholderConfigurer.lambda$processProperties$0(PropertySourcesPlaceholderConfigurer.java:191)
	at org.springframework.beans.factory.support.AbstractBeanFactory.resolveEmbeddedValue(AbstractBeanFactory.java:936)
	at org.springframework.beans.factory.support.DefaultListableBeanFactory.doResolveDependency(DefaultListableBeanFactory.java:1332)
	at org.springframework.beans.factory.support.DefaultListableBeanFactory.resolveDependency(DefaultListableBeanFactory.java:1311)
	at org.springframework.beans.factory.annotation.AutowiredAnnotationBeanPostProcessor$AutowiredFieldElement.resolveFieldValue(AutowiredAnnotationBeanPostProcessor.java:710)
	at org.springframework.beans.factory.annotation.AutowiredAnnotationBeanPostProcessor$AutowiredFieldElement.inject(AutowiredAnnotationBeanPostProcessor.java:693)
	at org.springframework.beans.factory.annotation.InjectionMetadata.inject(InjectionMetadata.java:119)
	at org.springframework.beans.factory.annotation.AutowiredAnnotationBeanPostProcessor.postProcessProperties(AutowiredAnnotationBeanPostProcessor.java:408)
	... 87 common frames omitted
[2024-02-23 19:15:49]|||{"logger":"com.coding.blog.web.email.EmailTest", "thread":"main", "msg":"Starting EmailTest using Java 1.8.0_101 on DESKTOP-4C76UQ5 with PID 9688 (started by Administrator in D:\JavaCount\project\SpringBootProject\coding-blog\coding-web)"}
[2024-02-23 19:15:49]|||{"logger":"com.coding.blog.web.email.EmailTest", "thread":"main", "msg":"No active profile set, falling back to 1 default profile: "default""}
[2024-02-23 19:15:50]|||{"logger":"o.s.d.r.c.RepositoryConfigurationDelegate", "thread":"main", "msg":"Multiple Spring Data modules found, entering strict repository configuration mode"}
[2024-02-23 19:15:50]|||{"logger":"o.s.d.r.c.RepositoryConfigurationDelegate", "thread":"main", "msg":"Bootstrapping Spring Data Redis repositories in DEFAULT mode."}
[2024-02-23 19:15:50]|||{"logger":"o.s.d.r.c.RepositoryConfigurationDelegate", "thread":"main", "msg":"Finished Spring Data repository scanning in 12 ms. Found 0 Redis repository interfaces."}
[2024-02-23 19:15:50]|||{"logger":"o.m.s.mapper.ClassPathMapperScanner", "thread":"main", "msg":"Skipping MapperFactoryBean with name 'adminRoleRelationMapper' and 'com.coding.blog.service.mapper.AdminRoleRelationMapper' mapperInterface. Bean already defined with the same name!"}
[2024-02-23 19:15:50]|||{"logger":"o.m.s.mapper.ClassPathMapperScanner", "thread":"main", "msg":"Skipping MapperFactoryBean with name 'commentsMapper' and 'com.coding.blog.service.mapper.CommentsMapper' mapperInterface. Bean already defined with the same name!"}
[2024-02-23 19:15:50]|||{"logger":"o.m.s.mapper.ClassPathMapperScanner", "thread":"main", "msg":"Skipping MapperFactoryBean with name 'linksMapper' and 'com.coding.blog.service.mapper.LinksMapper' mapperInterface. Bean already defined with the same name!"}
[2024-02-23 19:15:50]|||{"logger":"o.m.s.mapper.ClassPathMapperScanner", "thread":"main", "msg":"Skipping MapperFactoryBean with name 'menuMapper' and 'com.coding.blog.service.mapper.MenuMapper' mapperInterface. Bean already defined with the same name!"}
[2024-02-23 19:15:50]|||{"logger":"o.m.s.mapper.ClassPathMapperScanner", "thread":"main", "msg":"Skipping MapperFactoryBean with name 'postTagMapper' and 'com.coding.blog.service.mapper.PostTagMapper' mapperInterface. Bean already defined with the same name!"}
[2024-02-23 19:15:50]|||{"logger":"o.m.s.mapper.ClassPathMapperScanner", "thread":"main", "msg":"Skipping MapperFactoryBean with name 'postTagRelationMapper' and 'com.coding.blog.service.mapper.PostTagRelationMapper' mapperInterface. Bean already defined with the same name!"}
[2024-02-23 19:15:50]|||{"logger":"o.m.s.mapper.ClassPathMapperScanner", "thread":"main", "msg":"Skipping MapperFactoryBean with name 'postsMapper' and 'com.coding.blog.service.mapper.PostsMapper' mapperInterface. Bean already defined with the same name!"}
[2024-02-23 19:15:50]|||{"logger":"o.m.s.mapper.ClassPathMapperScanner", "thread":"main", "msg":"Skipping MapperFactoryBean with name 'resourceCategoryMapper' and 'com.coding.blog.service.mapper.ResourceCategoryMapper' mapperInterface. Bean already defined with the same name!"}
[2024-02-23 19:15:50]|||{"logger":"o.m.s.mapper.ClassPathMapperScanner", "thread":"main", "msg":"Skipping MapperFactoryBean with name 'resourceMapper' and 'com.coding.blog.service.mapper.ResourceMapper' mapperInterface. Bean already defined with the same name!"}
[2024-02-23 19:15:50]|||{"logger":"o.m.s.mapper.ClassPathMapperScanner", "thread":"main", "msg":"Skipping MapperFactoryBean with name 'roleMapper' and 'com.coding.blog.service.mapper.RoleMapper' mapperInterface. Bean already defined with the same name!"}
[2024-02-23 19:15:50]|||{"logger":"o.m.s.mapper.ClassPathMapperScanner", "thread":"main", "msg":"Skipping MapperFactoryBean with name 'roleMenuRelationMapper' and 'com.coding.blog.service.mapper.RoleMenuRelationMapper' mapperInterface. Bean already defined with the same name!"}
[2024-02-23 19:15:50]|||{"logger":"o.m.s.mapper.ClassPathMapperScanner", "thread":"main", "msg":"Skipping MapperFactoryBean with name 'roleResourceRelationMapper' and 'com.coding.blog.service.mapper.RoleResourceRelationMapper' mapperInterface. Bean already defined with the same name!"}
[2024-02-23 19:15:50]|||{"logger":"o.m.s.mapper.ClassPathMapperScanner", "thread":"main", "msg":"Skipping MapperFactoryBean with name 'siteMapper' and 'com.coding.blog.service.mapper.SiteMapper' mapperInterface. Bean already defined with the same name!"}
[2024-02-23 19:15:50]|||{"logger":"o.m.s.mapper.ClassPathMapperScanner", "thread":"main", "msg":"Skipping MapperFactoryBean with name 'termRelationshipsMapper' and 'com.coding.blog.service.mapper.TermRelationshipsMapper' mapperInterface. Bean already defined with the same name!"}
[2024-02-23 19:15:50]|||{"logger":"o.m.s.mapper.ClassPathMapperScanner", "thread":"main", "msg":"Skipping MapperFactoryBean with name 'termTaxonomyMapper' and 'com.coding.blog.service.mapper.TermTaxonomyMapper' mapperInterface. Bean already defined with the same name!"}
[2024-02-23 19:15:50]|||{"logger":"o.m.s.mapper.ClassPathMapperScanner", "thread":"main", "msg":"Skipping MapperFactoryBean with name 'usersMapper' and 'com.coding.blog.service.mapper.UsersMapper' mapperInterface. Bean already defined with the same name!"}
[2024-02-23 19:15:50]|||{"logger":"o.m.s.mapper.ClassPathMapperScanner", "thread":"main", "msg":"No MyBatis mapper was found in '[com.coding.blog.service.mapper]' package. Please check your configuration."}
[2024-02-23 19:15:50]|||{"logger":"c.c.b.s.s.i.oss.impl.AliOssWrapper", "thread":"main", "msg":"init ossClient"}
[2024-02-23 19:15:54]|||{"logger":"c.alibaba.druid.pool.DruidDataSource", "thread":"main", "msg":"{dataSource-1} inited"}
[2024-02-23 19:15:54]|||{"logger":"c.c.b.w.s.c.DynamicSecurityFilter", "thread":"main", "msg":"Could not validate configuration attributes as the SecurityMetadataSource did not return any attributes from getAllConfigAttributes()"}
[2024-02-23 19:15:54]|||{"logger":"o.s.s.web.DefaultSecurityFilterChain", "thread":"main", "msg":"Will secure any request with [org.springframework.security.web.session.DisableEncodeUrlFilter@3514ac7d, org.springframework.security.web.context.request.async.WebAsyncManagerIntegrationFilter@79c4f23b, org.springframework.security.web.context.SecurityContextPersistenceFilter@35b3c1f6, org.springframework.security.web.header.HeaderWriterFilter@42d174ad, org.springframework.security.web.authentication.logout.LogoutFilter@b34c7c9, com.coding.blog.web.security.filter.JwtAuthenticationTokenFilter@160c7c42, org.springframework.security.web.savedrequest.RequestCacheAwareFilter@2beee3e8, org.springframework.security.web.servletapi.SecurityContextHolderAwareRequestFilter@20231384, org.springframework.security.web.authentication.AnonymousAuthenticationFilter@15371de2, org.springframework.security.web.session.SessionManagementFilter@4db6348b, org.springframework.security.web.access.ExceptionTranslationFilter@2c1ea7be, com.coding.blog.web.security.config.DynamicSecurityFilter@5503c7d, org.springframework.security.web.access.intercept.FilterSecurityInterceptor@319aa9ee]"}
[2024-02-23 19:15:55]|||{"logger":"com.coding.blog.web.email.EmailTest", "thread":"main", "msg":"Started EmailTest in 6.64 seconds (JVM running for 7.525)"}
[2024-02-23 19:15:55]|||{"logger":"c.alibaba.druid.pool.DruidDataSource", "thread":"SpringApplicationShutdownHook", "msg":"{dataSource-1} closing ..."}
[2024-02-23 19:15:55]|||{"logger":"c.alibaba.druid.pool.DruidDataSource", "thread":"SpringApplicationShutdownHook", "msg":"{dataSource-1} closed"}
[2024-02-23 19:17:45]|||{"logger":"com.coding.blog.web.email.EmailTest", "thread":"main", "msg":"Starting EmailTest using Java 1.8.0_101 on DESKTOP-4C76UQ5 with PID 14724 (started by Administrator in D:\JavaCount\project\SpringBootProject\coding-blog\coding-web)"}
[2024-02-23 19:17:45]|||{"logger":"com.coding.blog.web.email.EmailTest", "thread":"main", "msg":"No active profile set, falling back to 1 default profile: "default""}
[2024-02-23 19:17:46]|||{"logger":"o.s.d.r.c.RepositoryConfigurationDelegate", "thread":"main", "msg":"Multiple Spring Data modules found, entering strict repository configuration mode"}
[2024-02-23 19:17:46]|||{"logger":"o.s.d.r.c.RepositoryConfigurationDelegate", "thread":"main", "msg":"Bootstrapping Spring Data Redis repositories in DEFAULT mode."}
[2024-02-23 19:17:46]|||{"logger":"o.s.d.r.c.RepositoryConfigurationDelegate", "thread":"main", "msg":"Finished Spring Data repository scanning in 12 ms. Found 0 Redis repository interfaces."}
[2024-02-23 19:17:46]|||{"logger":"o.m.s.mapper.ClassPathMapperScanner", "thread":"main", "msg":"Skipping MapperFactoryBean with name 'adminRoleRelationMapper' and 'com.coding.blog.service.mapper.AdminRoleRelationMapper' mapperInterface. Bean already defined with the same name!"}
[2024-02-23 19:17:46]|||{"logger":"o.m.s.mapper.ClassPathMapperScanner", "thread":"main", "msg":"Skipping MapperFactoryBean with name 'commentsMapper' and 'com.coding.blog.service.mapper.CommentsMapper' mapperInterface. Bean already defined with the same name!"}
[2024-02-23 19:17:46]|||{"logger":"o.m.s.mapper.ClassPathMapperScanner", "thread":"main", "msg":"Skipping MapperFactoryBean with name 'linksMapper' and 'com.coding.blog.service.mapper.LinksMapper' mapperInterface. Bean already defined with the same name!"}
[2024-02-23 19:17:46]|||{"logger":"o.m.s.mapper.ClassPathMapperScanner", "thread":"main", "msg":"Skipping MapperFactoryBean with name 'menuMapper' and 'com.coding.blog.service.mapper.MenuMapper' mapperInterface. Bean already defined with the same name!"}
[2024-02-23 19:17:46]|||{"logger":"o.m.s.mapper.ClassPathMapperScanner", "thread":"main", "msg":"Skipping MapperFactoryBean with name 'postTagMapper' and 'com.coding.blog.service.mapper.PostTagMapper' mapperInterface. Bean already defined with the same name!"}
[2024-02-23 19:17:46]|||{"logger":"o.m.s.mapper.ClassPathMapperScanner", "thread":"main", "msg":"Skipping MapperFactoryBean with name 'postTagRelationMapper' and 'com.coding.blog.service.mapper.PostTagRelationMapper' mapperInterface. Bean already defined with the same name!"}
[2024-02-23 19:17:46]|||{"logger":"o.m.s.mapper.ClassPathMapperScanner", "thread":"main", "msg":"Skipping MapperFactoryBean with name 'postsMapper' and 'com.coding.blog.service.mapper.PostsMapper' mapperInterface. Bean already defined with the same name!"}
[2024-02-23 19:17:46]|||{"logger":"o.m.s.mapper.ClassPathMapperScanner", "thread":"main", "msg":"Skipping MapperFactoryBean with name 'resourceCategoryMapper' and 'com.coding.blog.service.mapper.ResourceCategoryMapper' mapperInterface. Bean already defined with the same name!"}
[2024-02-23 19:17:46]|||{"logger":"o.m.s.mapper.ClassPathMapperScanner", "thread":"main", "msg":"Skipping MapperFactoryBean with name 'resourceMapper' and 'com.coding.blog.service.mapper.ResourceMapper' mapperInterface. Bean already defined with the same name!"}
[2024-02-23 19:17:46]|||{"logger":"o.m.s.mapper.ClassPathMapperScanner", "thread":"main", "msg":"Skipping MapperFactoryBean with name 'roleMapper' and 'com.coding.blog.service.mapper.RoleMapper' mapperInterface. Bean already defined with the same name!"}
[2024-02-23 19:17:46]|||{"logger":"o.m.s.mapper.ClassPathMapperScanner", "thread":"main", "msg":"Skipping MapperFactoryBean with name 'roleMenuRelationMapper' and 'com.coding.blog.service.mapper.RoleMenuRelationMapper' mapperInterface. Bean already defined with the same name!"}
[2024-02-23 19:17:46]|||{"logger":"o.m.s.mapper.ClassPathMapperScanner", "thread":"main", "msg":"Skipping MapperFactoryBean with name 'roleResourceRelationMapper' and 'com.coding.blog.service.mapper.RoleResourceRelationMapper' mapperInterface. Bean already defined with the same name!"}
[2024-02-23 19:17:46]|||{"logger":"o.m.s.mapper.ClassPathMapperScanner", "thread":"main", "msg":"Skipping MapperFactoryBean with name 'siteMapper' and 'com.coding.blog.service.mapper.SiteMapper' mapperInterface. Bean already defined with the same name!"}
[2024-02-23 19:17:46]|||{"logger":"o.m.s.mapper.ClassPathMapperScanner", "thread":"main", "msg":"Skipping MapperFactoryBean with name 'termRelationshipsMapper' and 'com.coding.blog.service.mapper.TermRelationshipsMapper' mapperInterface. Bean already defined with the same name!"}
[2024-02-23 19:17:46]|||{"logger":"o.m.s.mapper.ClassPathMapperScanner", "thread":"main", "msg":"Skipping MapperFactoryBean with name 'termTaxonomyMapper' and 'com.coding.blog.service.mapper.TermTaxonomyMapper' mapperInterface. Bean already defined with the same name!"}
[2024-02-23 19:17:46]|||{"logger":"o.m.s.mapper.ClassPathMapperScanner", "thread":"main", "msg":"Skipping MapperFactoryBean with name 'usersMapper' and 'com.coding.blog.service.mapper.UsersMapper' mapperInterface. Bean already defined with the same name!"}
[2024-02-23 19:17:46]|||{"logger":"o.m.s.mapper.ClassPathMapperScanner", "thread":"main", "msg":"No MyBatis mapper was found in '[com.coding.blog.service.mapper]' package. Please check your configuration."}
[2024-02-23 19:17:46]|||{"logger":"c.c.b.s.s.i.oss.impl.AliOssWrapper", "thread":"main", "msg":"init ossClient"}
[2024-02-23 19:17:52]|||{"logger":"c.alibaba.druid.pool.DruidDataSource", "thread":"main", "msg":"{dataSource-1} inited"}
[2024-02-23 19:17:52]|||{"logger":"c.c.b.w.s.c.DynamicSecurityFilter", "thread":"main", "msg":"Could not validate configuration attributes as the SecurityMetadataSource did not return any attributes from getAllConfigAttributes()"}
[2024-02-23 19:17:52]|||{"logger":"o.s.s.web.DefaultSecurityFilterChain", "thread":"main", "msg":"Will secure any request with [org.springframework.security.web.session.DisableEncodeUrlFilter@3a7d6976, org.springframework.security.web.context.request.async.WebAsyncManagerIntegrationFilter@37c45154, org.springframework.security.web.context.SecurityContextPersistenceFilter@31e9d94f, org.springframework.security.web.header.HeaderWriterFilter@5a5b394, org.springframework.security.web.authentication.logout.LogoutFilter@49392256, com.coding.blog.web.security.filter.JwtAuthenticationTokenFilter@55300b93, org.springframework.security.web.savedrequest.RequestCacheAwareFilter@69a3944, org.springframework.security.web.servletapi.SecurityContextHolderAwareRequestFilter@16602333, org.springframework.security.web.authentication.AnonymousAuthenticationFilter@123426a9, org.springframework.security.web.session.SessionManagementFilter@5b8599c7, org.springframework.security.web.access.ExceptionTranslationFilter@2a7b5925, com.coding.blog.web.security.config.DynamicSecurityFilter@4353db40, org.springframework.security.web.access.intercept.FilterSecurityInterceptor@6167a456]"}
[2024-02-23 19:17:54]|||{"logger":"com.coding.blog.web.email.EmailTest", "thread":"main", "msg":"Started EmailTest in 9.533 seconds (JVM running for 10.52)"}
[2024-02-23 19:17:54]|||{"logger":"c.alibaba.druid.pool.DruidDataSource", "thread":"SpringApplicationShutdownHook", "msg":"{dataSource-1} closing ..."}
[2024-02-23 19:17:54]|||{"logger":"c.alibaba.druid.pool.DruidDataSource", "thread":"SpringApplicationShutdownHook", "msg":"{dataSource-1} closed"}
[2024-02-23 19:31:25]|||{"logger":"com.coding.blog.web.email.EmailTest", "thread":"main", "msg":"Starting EmailTest using Java 1.8.0_101 on DESKTOP-4C76UQ5 with PID 26976 (started by Administrator in D:\JavaCount\project\SpringBootProject\coding-blog\coding-web)"}
[2024-02-23 19:31:25]|||{"logger":"com.coding.blog.web.email.EmailTest", "thread":"main", "msg":"No active profile set, falling back to 1 default profile: "default""}
[2024-02-23 19:31:26]|||{"logger":"o.s.d.r.c.RepositoryConfigurationDelegate", "thread":"main", "msg":"Multiple Spring Data modules found, entering strict repository configuration mode"}
[2024-02-23 19:31:26]|||{"logger":"o.s.d.r.c.RepositoryConfigurationDelegate", "thread":"main", "msg":"Bootstrapping Spring Data Redis repositories in DEFAULT mode."}
[2024-02-23 19:31:26]|||{"logger":"o.s.d.r.c.RepositoryConfigurationDelegate", "thread":"main", "msg":"Finished Spring Data repository scanning in 11 ms. Found 0 Redis repository interfaces."}
[2024-02-23 19:31:26]|||{"logger":"o.m.s.mapper.ClassPathMapperScanner", "thread":"main", "msg":"Skipping MapperFactoryBean with name 'adminRoleRelationMapper' and 'com.coding.blog.service.mapper.AdminRoleRelationMapper' mapperInterface. Bean already defined with the same name!"}
[2024-02-23 19:31:26]|||{"logger":"o.m.s.mapper.ClassPathMapperScanner", "thread":"main", "msg":"Skipping MapperFactoryBean with name 'commentsMapper' and 'com.coding.blog.service.mapper.CommentsMapper' mapperInterface. Bean already defined with the same name!"}
[2024-02-23 19:31:26]|||{"logger":"o.m.s.mapper.ClassPathMapperScanner", "thread":"main", "msg":"Skipping MapperFactoryBean with name 'linksMapper' and 'com.coding.blog.service.mapper.LinksMapper' mapperInterface. Bean already defined with the same name!"}
[2024-02-23 19:31:26]|||{"logger":"o.m.s.mapper.ClassPathMapperScanner", "thread":"main", "msg":"Skipping MapperFactoryBean with name 'menuMapper' and 'com.coding.blog.service.mapper.MenuMapper' mapperInterface. Bean already defined with the same name!"}
[2024-02-23 19:31:26]|||{"logger":"o.m.s.mapper.ClassPathMapperScanner", "thread":"main", "msg":"Skipping MapperFactoryBean with name 'postTagMapper' and 'com.coding.blog.service.mapper.PostTagMapper' mapperInterface. Bean already defined with the same name!"}
[2024-02-23 19:31:26]|||{"logger":"o.m.s.mapper.ClassPathMapperScanner", "thread":"main", "msg":"Skipping MapperFactoryBean with name 'postTagRelationMapper' and 'com.coding.blog.service.mapper.PostTagRelationMapper' mapperInterface. Bean already defined with the same name!"}
[2024-02-23 19:31:26]|||{"logger":"o.m.s.mapper.ClassPathMapperScanner", "thread":"main", "msg":"Skipping MapperFactoryBean with name 'postsMapper' and 'com.coding.blog.service.mapper.PostsMapper' mapperInterface. Bean already defined with the same name!"}
[2024-02-23 19:31:26]|||{"logger":"o.m.s.mapper.ClassPathMapperScanner", "thread":"main", "msg":"Skipping MapperFactoryBean with name 'resourceCategoryMapper' and 'com.coding.blog.service.mapper.ResourceCategoryMapper' mapperInterface. Bean already defined with the same name!"}
[2024-02-23 19:31:26]|||{"logger":"o.m.s.mapper.ClassPathMapperScanner", "thread":"main", "msg":"Skipping MapperFactoryBean with name 'resourceMapper' and 'com.coding.blog.service.mapper.ResourceMapper' mapperInterface. Bean already defined with the same name!"}
[2024-02-23 19:31:26]|||{"logger":"o.m.s.mapper.ClassPathMapperScanner", "thread":"main", "msg":"Skipping MapperFactoryBean with name 'roleMapper' and 'com.coding.blog.service.mapper.RoleMapper' mapperInterface. Bean already defined with the same name!"}
[2024-02-23 19:31:26]|||{"logger":"o.m.s.mapper.ClassPathMapperScanner", "thread":"main", "msg":"Skipping MapperFactoryBean with name 'roleMenuRelationMapper' and 'com.coding.blog.service.mapper.RoleMenuRelationMapper' mapperInterface. Bean already defined with the same name!"}
[2024-02-23 19:31:26]|||{"logger":"o.m.s.mapper.ClassPathMapperScanner", "thread":"main", "msg":"Skipping MapperFactoryBean with name 'roleResourceRelationMapper' and 'com.coding.blog.service.mapper.RoleResourceRelationMapper' mapperInterface. Bean already defined with the same name!"}
[2024-02-23 19:31:26]|||{"logger":"o.m.s.mapper.ClassPathMapperScanner", "thread":"main", "msg":"Skipping MapperFactoryBean with name 'siteMapper' and 'com.coding.blog.service.mapper.SiteMapper' mapperInterface. Bean already defined with the same name!"}
[2024-02-23 19:31:26]|||{"logger":"o.m.s.mapper.ClassPathMapperScanner", "thread":"main", "msg":"Skipping MapperFactoryBean with name 'termRelationshipsMapper' and 'com.coding.blog.service.mapper.TermRelationshipsMapper' mapperInterface. Bean already defined with the same name!"}
[2024-02-23 19:31:26]|||{"logger":"o.m.s.mapper.ClassPathMapperScanner", "thread":"main", "msg":"Skipping MapperFactoryBean with name 'termTaxonomyMapper' and 'com.coding.blog.service.mapper.TermTaxonomyMapper' mapperInterface. Bean already defined with the same name!"}
[2024-02-23 19:31:26]|||{"logger":"o.m.s.mapper.ClassPathMapperScanner", "thread":"main", "msg":"Skipping MapperFactoryBean with name 'usersMapper' and 'com.coding.blog.service.mapper.UsersMapper' mapperInterface. Bean already defined with the same name!"}
[2024-02-23 19:31:26]|||{"logger":"o.m.s.mapper.ClassPathMapperScanner", "thread":"main", "msg":"No MyBatis mapper was found in '[com.coding.blog.service.mapper]' package. Please check your configuration."}
[2024-02-23 19:31:27]|||{"logger":"c.c.b.s.s.i.oss.impl.AliOssWrapper", "thread":"main", "msg":"init ossClient"}
[2024-02-23 19:31:30]|||{"logger":"c.alibaba.druid.pool.DruidDataSource", "thread":"main", "msg":"{dataSource-1} inited"}
[2024-02-23 19:31:30]|||{"logger":"c.c.b.w.s.c.DynamicSecurityFilter", "thread":"main", "msg":"Could not validate configuration attributes as the SecurityMetadataSource did not return any attributes from getAllConfigAttributes()"}
[2024-02-23 19:31:30]|||{"logger":"o.s.s.web.DefaultSecurityFilterChain", "thread":"main", "msg":"Will secure any request with [org.springframework.security.web.session.DisableEncodeUrlFilter@35454c7a, org.springframework.security.web.context.request.async.WebAsyncManagerIntegrationFilter@50f3ba6a, org.springframework.security.web.context.SecurityContextPersistenceFilter@65d90b7f, org.springframework.security.web.header.HeaderWriterFilter@79b8ecb, org.springframework.security.web.authentication.logout.LogoutFilter@4ec427, com.coding.blog.web.security.filter.JwtAuthenticationTokenFilter@319aa9ee, org.springframework.security.web.savedrequest.RequestCacheAwareFilter@6fc0e448, org.springframework.security.web.servletapi.SecurityContextHolderAwareRequestFilter@1f48fa72, org.springframework.security.web.authentication.AnonymousAuthenticationFilter@1d806de6, org.springframework.security.web.session.SessionManagementFilter@4ec0229c, org.springframework.security.web.access.ExceptionTranslationFilter@3de88f64, com.coding.blog.web.security.config.DynamicSecurityFilter@2b9d4b0, org.springframework.security.web.access.intercept.FilterSecurityInterceptor@116fc29e]"}
[2024-02-23 19:31:31]|||{"logger":"com.coding.blog.web.email.EmailTest", "thread":"main", "msg":"Started EmailTest in 6.555 seconds (JVM running for 7.408)"}
[2024-02-23 19:31:31]|||{"logger":"c.alibaba.druid.pool.DruidDataSource", "thread":"SpringApplicationShutdownHook", "msg":"{dataSource-1} closing ..."}
[2024-02-23 19:31:31]|||{"logger":"c.alibaba.druid.pool.DruidDataSource", "thread":"SpringApplicationShutdownHook", "msg":"{dataSource-1} closed"}
[2024-02-23 19:34:43]|||{"logger":"com.coding.blog.web.email.EmailTest", "thread":"main", "msg":"Starting EmailTest using Java 1.8.0_101 on DESKTOP-4C76UQ5 with PID 22396 (started by Administrator in D:\JavaCount\project\SpringBootProject\coding-blog\coding-web)"}
[2024-02-23 19:34:43]|||{"logger":"com.coding.blog.web.email.EmailTest", "thread":"main", "msg":"No active profile set, falling back to 1 default profile: "default""}
[2024-02-23 19:34:43]|||{"logger":"o.s.d.r.c.RepositoryConfigurationDelegate", "thread":"main", "msg":"Multiple Spring Data modules found, entering strict repository configuration mode"}
[2024-02-23 19:34:43]|||{"logger":"o.s.d.r.c.RepositoryConfigurationDelegate", "thread":"main", "msg":"Bootstrapping Spring Data Redis repositories in DEFAULT mode."}
[2024-02-23 19:34:43]|||{"logger":"o.s.d.r.c.RepositoryConfigurationDelegate", "thread":"main", "msg":"Finished Spring Data repository scanning in 12 ms. Found 0 Redis repository interfaces."}
[2024-02-23 19:34:44]|||{"logger":"o.m.s.mapper.ClassPathMapperScanner", "thread":"main", "msg":"Skipping MapperFactoryBean with name 'adminRoleRelationMapper' and 'com.coding.blog.service.mapper.AdminRoleRelationMapper' mapperInterface. Bean already defined with the same name!"}
[2024-02-23 19:34:44]|||{"logger":"o.m.s.mapper.ClassPathMapperScanner", "thread":"main", "msg":"Skipping MapperFactoryBean with name 'commentsMapper' and 'com.coding.blog.service.mapper.CommentsMapper' mapperInterface. Bean already defined with the same name!"}
[2024-02-23 19:34:44]|||{"logger":"o.m.s.mapper.ClassPathMapperScanner", "thread":"main", "msg":"Skipping MapperFactoryBean with name 'linksMapper' and 'com.coding.blog.service.mapper.LinksMapper' mapperInterface. Bean already defined with the same name!"}
[2024-02-23 19:34:44]|||{"logger":"o.m.s.mapper.ClassPathMapperScanner", "thread":"main", "msg":"Skipping MapperFactoryBean with name 'menuMapper' and 'com.coding.blog.service.mapper.MenuMapper' mapperInterface. Bean already defined with the same name!"}
[2024-02-23 19:34:44]|||{"logger":"o.m.s.mapper.ClassPathMapperScanner", "thread":"main", "msg":"Skipping MapperFactoryBean with name 'postTagMapper' and 'com.coding.blog.service.mapper.PostTagMapper' mapperInterface. Bean already defined with the same name!"}
[2024-02-23 19:34:44]|||{"logger":"o.m.s.mapper.ClassPathMapperScanner", "thread":"main", "msg":"Skipping MapperFactoryBean with name 'postTagRelationMapper' and 'com.coding.blog.service.mapper.PostTagRelationMapper' mapperInterface. Bean already defined with the same name!"}
[2024-02-23 19:34:44]|||{"logger":"o.m.s.mapper.ClassPathMapperScanner", "thread":"main", "msg":"Skipping MapperFactoryBean with name 'postsMapper' and 'com.coding.blog.service.mapper.PostsMapper' mapperInterface. Bean already defined with the same name!"}
[2024-02-23 19:34:44]|||{"logger":"o.m.s.mapper.ClassPathMapperScanner", "thread":"main", "msg":"Skipping MapperFactoryBean with name 'resourceCategoryMapper' and 'com.coding.blog.service.mapper.ResourceCategoryMapper' mapperInterface. Bean already defined with the same name!"}
[2024-02-23 19:34:44]|||{"logger":"o.m.s.mapper.ClassPathMapperScanner", "thread":"main", "msg":"Skipping MapperFactoryBean with name 'resourceMapper' and 'com.coding.blog.service.mapper.ResourceMapper' mapperInterface. Bean already defined with the same name!"}
[2024-02-23 19:34:44]|||{"logger":"o.m.s.mapper.ClassPathMapperScanner", "thread":"main", "msg":"Skipping MapperFactoryBean with name 'roleMapper' and 'com.coding.blog.service.mapper.RoleMapper' mapperInterface. Bean already defined with the same name!"}
[2024-02-23 19:34:44]|||{"logger":"o.m.s.mapper.ClassPathMapperScanner", "thread":"main", "msg":"Skipping MapperFactoryBean with name 'roleMenuRelationMapper' and 'com.coding.blog.service.mapper.RoleMenuRelationMapper' mapperInterface. Bean already defined with the same name!"}
[2024-02-23 19:34:44]|||{"logger":"o.m.s.mapper.ClassPathMapperScanner", "thread":"main", "msg":"Skipping MapperFactoryBean with name 'roleResourceRelationMapper' and 'com.coding.blog.service.mapper.RoleResourceRelationMapper' mapperInterface. Bean already defined with the same name!"}
[2024-02-23 19:34:44]|||{"logger":"o.m.s.mapper.ClassPathMapperScanner", "thread":"main", "msg":"Skipping MapperFactoryBean with name 'siteMapper' and 'com.coding.blog.service.mapper.SiteMapper' mapperInterface. Bean already defined with the same name!"}
[2024-02-23 19:34:44]|||{"logger":"o.m.s.mapper.ClassPathMapperScanner", "thread":"main", "msg":"Skipping MapperFactoryBean with name 'termRelationshipsMapper' and 'com.coding.blog.service.mapper.TermRelationshipsMapper' mapperInterface. Bean already defined with the same name!"}
[2024-02-23 19:34:44]|||{"logger":"o.m.s.mapper.ClassPathMapperScanner", "thread":"main", "msg":"Skipping MapperFactoryBean with name 'termTaxonomyMapper' and 'com.coding.blog.service.mapper.TermTaxonomyMapper' mapperInterface. Bean already defined with the same name!"}
[2024-02-23 19:34:44]|||{"logger":"o.m.s.mapper.ClassPathMapperScanner", "thread":"main", "msg":"Skipping MapperFactoryBean with name 'usersMapper' and 'com.coding.blog.service.mapper.UsersMapper' mapperInterface. Bean already defined with the same name!"}
[2024-02-23 19:34:44]|||{"logger":"o.m.s.mapper.ClassPathMapperScanner", "thread":"main", "msg":"No MyBatis mapper was found in '[com.coding.blog.service.mapper]' package. Please check your configuration."}
[2024-02-23 19:34:44]|||{"logger":"c.c.b.s.s.i.oss.impl.AliOssWrapper", "thread":"main", "msg":"init ossClient"}
[2024-02-23 19:34:47]|||{"logger":"c.alibaba.druid.pool.DruidDataSource", "thread":"main", "msg":"{dataSource-1} inited"}
[2024-02-23 19:34:48]|||{"logger":"c.c.b.w.s.c.DynamicSecurityFilter", "thread":"main", "msg":"Could not validate configuration attributes as the SecurityMetadataSource did not return any attributes from getAllConfigAttributes()"}
[2024-02-23 19:34:48]|||{"logger":"o.s.s.web.DefaultSecurityFilterChain", "thread":"main", "msg":"Will secure any request with [org.springframework.security.web.session.DisableEncodeUrlFilter@8549c5f, org.springframework.security.web.context.request.async.WebAsyncManagerIntegrationFilter@35454c7a, org.springframework.security.web.context.SecurityContextPersistenceFilter@2ce47652, org.springframework.security.web.header.HeaderWriterFilter@4e8afdad, org.springframework.security.web.authentication.logout.LogoutFilter@df9d400, com.coding.blog.web.security.filter.JwtAuthenticationTokenFilter@50f3ba6a, org.springframework.security.web.savedrequest.RequestCacheAwareFilter@2a42019a, org.springframework.security.web.servletapi.SecurityContextHolderAwareRequestFilter@7742a276, org.springframework.security.web.authentication.AnonymousAuthenticationFilter@319aa9ee, org.springframework.security.web.session.SessionManagementFilter@42d174ad, org.springframework.security.web.access.ExceptionTranslationFilter@6febec41, com.coding.blog.web.security.config.DynamicSecurityFilter@1d806de6, org.springframework.security.web.access.intercept.FilterSecurityInterceptor@19ac93d2]"}
[2024-02-23 19:34:49]|||{"logger":"com.coding.blog.web.email.EmailTest", "thread":"main", "msg":"Started EmailTest in 6.735 seconds (JVM running for 7.62)"}
[2024-02-23 19:34:49]|||{"logger":"c.alibaba.druid.pool.DruidDataSource", "thread":"SpringApplicationShutdownHook", "msg":"{dataSource-1} closing ..."}
[2024-02-23 19:34:49]|||{"logger":"c.alibaba.druid.pool.DruidDataSource", "thread":"SpringApplicationShutdownHook", "msg":"{dataSource-1} closed"}
[2024-02-23 19:35:39]|||{"logger":"com.coding.blog.web.email.EmailTest", "thread":"main", "msg":"Starting EmailTest using Java 1.8.0_101 on DESKTOP-4C76UQ5 with PID 23448 (started by Administrator in D:\JavaCount\project\SpringBootProject\coding-blog\coding-web)"}
[2024-02-23 19:35:39]|||{"logger":"com.coding.blog.web.email.EmailTest", "thread":"main", "msg":"No active profile set, falling back to 1 default profile: "default""}
[2024-02-23 19:35:40]|||{"logger":"o.s.d.r.c.RepositoryConfigurationDelegate", "thread":"main", "msg":"Multiple Spring Data modules found, entering strict repository configuration mode"}
[2024-02-23 19:35:40]|||{"logger":"o.s.d.r.c.RepositoryConfigurationDelegate", "thread":"main", "msg":"Bootstrapping Spring Data Redis repositories in DEFAULT mode."}
[2024-02-23 19:35:40]|||{"logger":"o.s.d.r.c.RepositoryConfigurationDelegate", "thread":"main", "msg":"Finished Spring Data repository scanning in 11 ms. Found 0 Redis repository interfaces."}
[2024-02-23 19:35:40]|||{"logger":"o.m.s.mapper.ClassPathMapperScanner", "thread":"main", "msg":"Skipping MapperFactoryBean with name 'adminRoleRelationMapper' and 'com.coding.blog.service.mapper.AdminRoleRelationMapper' mapperInterface. Bean already defined with the same name!"}
[2024-02-23 19:35:40]|||{"logger":"o.m.s.mapper.ClassPathMapperScanner", "thread":"main", "msg":"Skipping MapperFactoryBean with name 'commentsMapper' and 'com.coding.blog.service.mapper.CommentsMapper' mapperInterface. Bean already defined with the same name!"}
[2024-02-23 19:35:40]|||{"logger":"o.m.s.mapper.ClassPathMapperScanner", "thread":"main", "msg":"Skipping MapperFactoryBean with name 'linksMapper' and 'com.coding.blog.service.mapper.LinksMapper' mapperInterface. Bean already defined with the same name!"}
[2024-02-23 19:35:40]|||{"logger":"o.m.s.mapper.ClassPathMapperScanner", "thread":"main", "msg":"Skipping MapperFactoryBean with name 'menuMapper' and 'com.coding.blog.service.mapper.MenuMapper' mapperInterface. Bean already defined with the same name!"}
[2024-02-23 19:35:40]|||{"logger":"o.m.s.mapper.ClassPathMapperScanner", "thread":"main", "msg":"Skipping MapperFactoryBean with name 'postTagMapper' and 'com.coding.blog.service.mapper.PostTagMapper' mapperInterface. Bean already defined with the same name!"}
[2024-02-23 19:35:40]|||{"logger":"o.m.s.mapper.ClassPathMapperScanner", "thread":"main", "msg":"Skipping MapperFactoryBean with name 'postTagRelationMapper' and 'com.coding.blog.service.mapper.PostTagRelationMapper' mapperInterface. Bean already defined with the same name!"}
[2024-02-23 19:35:40]|||{"logger":"o.m.s.mapper.ClassPathMapperScanner", "thread":"main", "msg":"Skipping MapperFactoryBean with name 'postsMapper' and 'com.coding.blog.service.mapper.PostsMapper' mapperInterface. Bean already defined with the same name!"}
[2024-02-23 19:35:40]|||{"logger":"o.m.s.mapper.ClassPathMapperScanner", "thread":"main", "msg":"Skipping MapperFactoryBean with name 'resourceCategoryMapper' and 'com.coding.blog.service.mapper.ResourceCategoryMapper' mapperInterface. Bean already defined with the same name!"}
[2024-02-23 19:35:40]|||{"logger":"o.m.s.mapper.ClassPathMapperScanner", "thread":"main", "msg":"Skipping MapperFactoryBean with name 'resourceMapper' and 'com.coding.blog.service.mapper.ResourceMapper' mapperInterface. Bean already defined with the same name!"}
[2024-02-23 19:35:40]|||{"logger":"o.m.s.mapper.ClassPathMapperScanner", "thread":"main", "msg":"Skipping MapperFactoryBean with name 'roleMapper' and 'com.coding.blog.service.mapper.RoleMapper' mapperInterface. Bean already defined with the same name!"}
[2024-02-23 19:35:40]|||{"logger":"o.m.s.mapper.ClassPathMapperScanner", "thread":"main", "msg":"Skipping MapperFactoryBean with name 'roleMenuRelationMapper' and 'com.coding.blog.service.mapper.RoleMenuRelationMapper' mapperInterface. Bean already defined with the same name!"}
[2024-02-23 19:35:40]|||{"logger":"o.m.s.mapper.ClassPathMapperScanner", "thread":"main", "msg":"Skipping MapperFactoryBean with name 'roleResourceRelationMapper' and 'com.coding.blog.service.mapper.RoleResourceRelationMapper' mapperInterface. Bean already defined with the same name!"}
[2024-02-23 19:35:40]|||{"logger":"o.m.s.mapper.ClassPathMapperScanner", "thread":"main", "msg":"Skipping MapperFactoryBean with name 'siteMapper' and 'com.coding.blog.service.mapper.SiteMapper' mapperInterface. Bean already defined with the same name!"}
[2024-02-23 19:35:40]|||{"logger":"o.m.s.mapper.ClassPathMapperScanner", "thread":"main", "msg":"Skipping MapperFactoryBean with name 'termRelationshipsMapper' and 'com.coding.blog.service.mapper.TermRelationshipsMapper' mapperInterface. Bean already defined with the same name!"}
[2024-02-23 19:35:40]|||{"logger":"o.m.s.mapper.ClassPathMapperScanner", "thread":"main", "msg":"Skipping MapperFactoryBean with name 'termTaxonomyMapper' and 'com.coding.blog.service.mapper.TermTaxonomyMapper' mapperInterface. Bean already defined with the same name!"}
[2024-02-23 19:35:40]|||{"logger":"o.m.s.mapper.ClassPathMapperScanner", "thread":"main", "msg":"Skipping MapperFactoryBean with name 'usersMapper' and 'com.coding.blog.service.mapper.UsersMapper' mapperInterface. Bean already defined with the same name!"}
[2024-02-23 19:35:40]|||{"logger":"o.m.s.mapper.ClassPathMapperScanner", "thread":"main", "msg":"No MyBatis mapper was found in '[com.coding.blog.service.mapper]' package. Please check your configuration."}
[2024-02-23 19:35:41]|||{"logger":"c.c.b.s.s.i.oss.impl.AliOssWrapper", "thread":"main", "msg":"init ossClient"}
[2024-02-23 19:35:44]|||{"logger":"c.alibaba.druid.pool.DruidDataSource", "thread":"main", "msg":"{dataSource-1} inited"}
[2024-02-23 19:35:44]|||{"logger":"c.c.b.w.s.c.DynamicSecurityFilter", "thread":"main", "msg":"Could not validate configuration attributes as the SecurityMetadataSource did not return any attributes from getAllConfigAttributes()"}
[2024-02-23 19:35:44]|||{"logger":"o.s.s.web.DefaultSecurityFilterChain", "thread":"main", "msg":"Will secure any request with [org.springframework.security.web.session.DisableEncodeUrlFilter@8549c5f, org.springframework.security.web.context.request.async.WebAsyncManagerIntegrationFilter@35454c7a, org.springframework.security.web.context.SecurityContextPersistenceFilter@2ce47652, org.springframework.security.web.header.HeaderWriterFilter@4e8afdad, org.springframework.security.web.authentication.logout.LogoutFilter@df9d400, com.coding.blog.web.security.filter.JwtAuthenticationTokenFilter@50f3ba6a, org.springframework.security.web.savedrequest.RequestCacheAwareFilter@2a42019a, org.springframework.security.web.servletapi.SecurityContextHolderAwareRequestFilter@7742a276, org.springframework.security.web.authentication.AnonymousAuthenticationFilter@319aa9ee, org.springframework.security.web.session.SessionManagementFilter@42d174ad, org.springframework.security.web.access.ExceptionTranslationFilter@6febec41, com.coding.blog.web.security.config.DynamicSecurityFilter@1d806de6, org.springframework.security.web.access.intercept.FilterSecurityInterceptor@19ac93d2]"}
[2024-02-23 19:35:45]|||{"logger":"com.coding.blog.web.email.EmailTest", "thread":"main", "msg":"Started EmailTest in 6.323 seconds (JVM running for 7.169)"}
[2024-02-23 19:35:45]|||{"logger":"c.alibaba.druid.pool.DruidDataSource", "thread":"SpringApplicationShutdownHook", "msg":"{dataSource-1} closing ..."}
[2024-02-23 19:35:45]|||{"logger":"c.alibaba.druid.pool.DruidDataSource", "thread":"SpringApplicationShutdownHook", "msg":"{dataSource-1} closed"}
