[2024-02-25 12:36:04]|||{"logger":"com.coding.blog.web.redis.RedisTest", "thread":"main", "msg":"Starting RedisTest using Java 1.8.0_101 on DESKTOP-4C76UQ5 with PID 12632 (started by Administrator in D:\JavaCount\project\SpringBootProject\coding-blog\coding-web)"}
[2024-02-25 12:36:04]|||{"logger":"com.coding.blog.web.redis.RedisTest", "thread":"main", "msg":"No active profile set, falling back to 1 default profile: "default""}
[2024-02-25 12:36:05]|||{"logger":"o.s.d.r.c.RepositoryConfigurationDelegate", "thread":"main", "msg":"Multiple Spring Data modules found, entering strict repository configuration mode"}
[2024-02-25 12:36:05]|||{"logger":"o.s.d.r.c.RepositoryConfigurationDelegate", "thread":"main", "msg":"Bootstrapping Spring Data Redis repositories in DEFAULT mode."}
[2024-02-25 12:36:05]|||{"logger":"o.s.d.r.c.RepositoryConfigurationDelegate", "thread":"main", "msg":"Finished Spring Data repository scanning in 15 ms. Found 0 Redis repository interfaces."}
[2024-02-25 12:36:05]|||{"logger":"o.m.s.mapper.ClassPathMapperScanner", "thread":"main", "msg":"Skipping MapperFactoryBean with name 'adminRoleRelationMapper' and 'com.coding.blog.service.mapper.AdminRoleRelationMapper' mapperInterface. Bean already defined with the same name!"}
[2024-02-25 12:36:05]|||{"logger":"o.m.s.mapper.ClassPathMapperScanner", "thread":"main", "msg":"Skipping MapperFactoryBean with name 'commentsMapper' and 'com.coding.blog.service.mapper.CommentsMapper' mapperInterface. Bean already defined with the same name!"}
[2024-02-25 12:36:05]|||{"logger":"o.m.s.mapper.ClassPathMapperScanner", "thread":"main", "msg":"Skipping MapperFactoryBean with name 'linksMapper' and 'com.coding.blog.service.mapper.LinksMapper' mapperInterface. Bean already defined with the same name!"}
[2024-02-25 12:36:05]|||{"logger":"o.m.s.mapper.ClassPathMapperScanner", "thread":"main", "msg":"Skipping MapperFactoryBean with name 'menuMapper' and 'com.coding.blog.service.mapper.MenuMapper' mapperInterface. Bean already defined with the same name!"}
[2024-02-25 12:36:05]|||{"logger":"o.m.s.mapper.ClassPathMapperScanner", "thread":"main", "msg":"Skipping MapperFactoryBean with name 'postTagMapper' and 'com.coding.blog.service.mapper.PostTagMapper' mapperInterface. Bean already defined with the same name!"}
[2024-02-25 12:36:05]|||{"logger":"o.m.s.mapper.ClassPathMapperScanner", "thread":"main", "msg":"Skipping MapperFactoryBean with name 'postTagRelationMapper' and 'com.coding.blog.service.mapper.PostTagRelationMapper' mapperInterface. Bean already defined with the same name!"}
[2024-02-25 12:36:05]|||{"logger":"o.m.s.mapper.ClassPathMapperScanner", "thread":"main", "msg":"Skipping MapperFactoryBean with name 'postsMapper' and 'com.coding.blog.service.mapper.PostsMapper' mapperInterface. Bean already defined with the same name!"}
[2024-02-25 12:36:05]|||{"logger":"o.m.s.mapper.ClassPathMapperScanner", "thread":"main", "msg":"Skipping MapperFactoryBean with name 'resourceCategoryMapper' and 'com.coding.blog.service.mapper.ResourceCategoryMapper' mapperInterface. Bean already defined with the same name!"}
[2024-02-25 12:36:05]|||{"logger":"o.m.s.mapper.ClassPathMapperScanner", "thread":"main", "msg":"Skipping MapperFactoryBean with name 'resourceMapper' and 'com.coding.blog.service.mapper.ResourceMapper' mapperInterface. Bean already defined with the same name!"}
[2024-02-25 12:36:05]|||{"logger":"o.m.s.mapper.ClassPathMapperScanner", "thread":"main", "msg":"Skipping MapperFactoryBean with name 'roleMapper' and 'com.coding.blog.service.mapper.RoleMapper' mapperInterface. Bean already defined with the same name!"}
[2024-02-25 12:36:05]|||{"logger":"o.m.s.mapper.ClassPathMapperScanner", "thread":"main", "msg":"Skipping MapperFactoryBean with name 'roleMenuRelationMapper' and 'com.coding.blog.service.mapper.RoleMenuRelationMapper' mapperInterface. Bean already defined with the same name!"}
[2024-02-25 12:36:05]|||{"logger":"o.m.s.mapper.ClassPathMapperScanner", "thread":"main", "msg":"Skipping MapperFactoryBean with name 'roleResourceRelationMapper' and 'com.coding.blog.service.mapper.RoleResourceRelationMapper' mapperInterface. Bean already defined with the same name!"}
[2024-02-25 12:36:05]|||{"logger":"o.m.s.mapper.ClassPathMapperScanner", "thread":"main", "msg":"Skipping MapperFactoryBean with name 'siteMapper' and 'com.coding.blog.service.mapper.SiteMapper' mapperInterface. Bean already defined with the same name!"}
[2024-02-25 12:36:05]|||{"logger":"o.m.s.mapper.ClassPathMapperScanner", "thread":"main", "msg":"Skipping MapperFactoryBean with name 'termRelationshipsMapper' and 'com.coding.blog.service.mapper.TermRelationshipsMapper' mapperInterface. Bean already defined with the same name!"}
[2024-02-25 12:36:05]|||{"logger":"o.m.s.mapper.ClassPathMapperScanner", "thread":"main", "msg":"Skipping MapperFactoryBean with name 'termTaxonomyMapper' and 'com.coding.blog.service.mapper.TermTaxonomyMapper' mapperInterface. Bean already defined with the same name!"}
[2024-02-25 12:36:05]|||{"logger":"o.m.s.mapper.ClassPathMapperScanner", "thread":"main", "msg":"Skipping MapperFactoryBean with name 'usersMapper' and 'com.coding.blog.service.mapper.UsersMapper' mapperInterface. Bean already defined with the same name!"}
[2024-02-25 12:36:05]|||{"logger":"o.m.s.mapper.ClassPathMapperScanner", "thread":"main", "msg":"No MyBatis mapper was found in '[com.coding.blog.service.mapper]' package. Please check your configuration."}
[2024-02-25 12:36:06]|||{"logger":"c.c.b.s.s.i.oss.impl.AliOssWrapper", "thread":"main", "msg":"init ossClient"}
[2024-02-25 12:36:09]|||{"logger":"c.alibaba.druid.pool.DruidDataSource", "thread":"main", "msg":"{dataSource-1} inited"}
[2024-02-25 12:36:09]|||{"logger":"c.c.b.w.s.c.DynamicSecurityFilter", "thread":"main", "msg":"Could not validate configuration attributes as the SecurityMetadataSource did not return any attributes from getAllConfigAttributes()"}
[2024-02-25 12:36:09]|||{"logger":"o.s.s.web.DefaultSecurityFilterChain", "thread":"main", "msg":"Will secure any request with [org.springframework.security.web.session.DisableEncodeUrlFilter@646cb2e, org.springframework.security.web.context.request.async.WebAsyncManagerIntegrationFilter@2e7a9db7, org.springframework.security.web.context.SecurityContextPersistenceFilter@3bcc8f13, org.springframework.security.web.header.HeaderWriterFilter@7742a276, org.springframework.security.web.authentication.logout.LogoutFilter@246df37b, com.coding.blog.web.security.filter.JwtAuthenticationTokenFilter@5315266, org.springframework.security.web.savedrequest.RequestCacheAwareFilter@73d91faf, org.springframework.security.web.servletapi.SecurityContextHolderAwareRequestFilter@f3876ef, org.springframework.security.web.authentication.AnonymousAuthenticationFilter@11cc9e1e, org.springframework.security.web.session.SessionManagementFilter@20231384, org.springframework.security.web.access.ExceptionTranslationFilter@60194904, com.coding.blog.web.security.config.DynamicSecurityFilter@216328b2, org.springframework.security.web.access.intercept.FilterSecurityInterceptor@5503c7d]"}
[2024-02-25 12:36:10]|||{"logger":"com.coding.blog.web.redis.RedisTest", "thread":"main", "msg":"Started RedisTest in 7.266 seconds (JVM running for 8.21)"}
[2024-02-25 12:36:11]|||{"logger":"c.alibaba.druid.pool.DruidDataSource", "thread":"SpringApplicationShutdownHook", "msg":"{dataSource-1} closing ..."}
[2024-02-25 12:36:11]|||{"logger":"c.alibaba.druid.pool.DruidDataSource", "thread":"SpringApplicationShutdownHook", "msg":"{dataSource-1} closed"}
[2024-02-25 12:41:38]|||{"logger":"com.coding.blog.web.redis.RedisTest", "thread":"main", "msg":"Starting RedisTest using Java 1.8.0_101 on DESKTOP-4C76UQ5 with PID 26124 (started by Administrator in D:\JavaCount\project\SpringBootProject\coding-blog\coding-web)"}
[2024-02-25 12:41:38]|||{"logger":"com.coding.blog.web.redis.RedisTest", "thread":"main", "msg":"No active profile set, falling back to 1 default profile: "default""}
[2024-02-25 12:41:39]|||{"logger":"o.s.d.r.c.RepositoryConfigurationDelegate", "thread":"main", "msg":"Multiple Spring Data modules found, entering strict repository configuration mode"}
[2024-02-25 12:41:39]|||{"logger":"o.s.d.r.c.RepositoryConfigurationDelegate", "thread":"main", "msg":"Bootstrapping Spring Data Redis repositories in DEFAULT mode."}
[2024-02-25 12:41:39]|||{"logger":"o.s.d.r.c.RepositoryConfigurationDelegate", "thread":"main", "msg":"Finished Spring Data repository scanning in 11 ms. Found 0 Redis repository interfaces."}
[2024-02-25 12:41:39]|||{"logger":"o.m.s.mapper.ClassPathMapperScanner", "thread":"main", "msg":"Skipping MapperFactoryBean with name 'adminRoleRelationMapper' and 'com.coding.blog.service.mapper.AdminRoleRelationMapper' mapperInterface. Bean already defined with the same name!"}
[2024-02-25 12:41:39]|||{"logger":"o.m.s.mapper.ClassPathMapperScanner", "thread":"main", "msg":"Skipping MapperFactoryBean with name 'commentsMapper' and 'com.coding.blog.service.mapper.CommentsMapper' mapperInterface. Bean already defined with the same name!"}
[2024-02-25 12:41:39]|||{"logger":"o.m.s.mapper.ClassPathMapperScanner", "thread":"main", "msg":"Skipping MapperFactoryBean with name 'linksMapper' and 'com.coding.blog.service.mapper.LinksMapper' mapperInterface. Bean already defined with the same name!"}
[2024-02-25 12:41:39]|||{"logger":"o.m.s.mapper.ClassPathMapperScanner", "thread":"main", "msg":"Skipping MapperFactoryBean with name 'menuMapper' and 'com.coding.blog.service.mapper.MenuMapper' mapperInterface. Bean already defined with the same name!"}
[2024-02-25 12:41:39]|||{"logger":"o.m.s.mapper.ClassPathMapperScanner", "thread":"main", "msg":"Skipping MapperFactoryBean with name 'postTagMapper' and 'com.coding.blog.service.mapper.PostTagMapper' mapperInterface. Bean already defined with the same name!"}
[2024-02-25 12:41:39]|||{"logger":"o.m.s.mapper.ClassPathMapperScanner", "thread":"main", "msg":"Skipping MapperFactoryBean with name 'postTagRelationMapper' and 'com.coding.blog.service.mapper.PostTagRelationMapper' mapperInterface. Bean already defined with the same name!"}
[2024-02-25 12:41:39]|||{"logger":"o.m.s.mapper.ClassPathMapperScanner", "thread":"main", "msg":"Skipping MapperFactoryBean with name 'postsMapper' and 'com.coding.blog.service.mapper.PostsMapper' mapperInterface. Bean already defined with the same name!"}
[2024-02-25 12:41:39]|||{"logger":"o.m.s.mapper.ClassPathMapperScanner", "thread":"main", "msg":"Skipping MapperFactoryBean with name 'resourceCategoryMapper' and 'com.coding.blog.service.mapper.ResourceCategoryMapper' mapperInterface. Bean already defined with the same name!"}
[2024-02-25 12:41:39]|||{"logger":"o.m.s.mapper.ClassPathMapperScanner", "thread":"main", "msg":"Skipping MapperFactoryBean with name 'resourceMapper' and 'com.coding.blog.service.mapper.ResourceMapper' mapperInterface. Bean already defined with the same name!"}
[2024-02-25 12:41:39]|||{"logger":"o.m.s.mapper.ClassPathMapperScanner", "thread":"main", "msg":"Skipping MapperFactoryBean with name 'roleMapper' and 'com.coding.blog.service.mapper.RoleMapper' mapperInterface. Bean already defined with the same name!"}
[2024-02-25 12:41:39]|||{"logger":"o.m.s.mapper.ClassPathMapperScanner", "thread":"main", "msg":"Skipping MapperFactoryBean with name 'roleMenuRelationMapper' and 'com.coding.blog.service.mapper.RoleMenuRelationMapper' mapperInterface. Bean already defined with the same name!"}
[2024-02-25 12:41:39]|||{"logger":"o.m.s.mapper.ClassPathMapperScanner", "thread":"main", "msg":"Skipping MapperFactoryBean with name 'roleResourceRelationMapper' and 'com.coding.blog.service.mapper.RoleResourceRelationMapper' mapperInterface. Bean already defined with the same name!"}
[2024-02-25 12:41:39]|||{"logger":"o.m.s.mapper.ClassPathMapperScanner", "thread":"main", "msg":"Skipping MapperFactoryBean with name 'siteMapper' and 'com.coding.blog.service.mapper.SiteMapper' mapperInterface. Bean already defined with the same name!"}
[2024-02-25 12:41:39]|||{"logger":"o.m.s.mapper.ClassPathMapperScanner", "thread":"main", "msg":"Skipping MapperFactoryBean with name 'termRelationshipsMapper' and 'com.coding.blog.service.mapper.TermRelationshipsMapper' mapperInterface. Bean already defined with the same name!"}
[2024-02-25 12:41:39]|||{"logger":"o.m.s.mapper.ClassPathMapperScanner", "thread":"main", "msg":"Skipping MapperFactoryBean with name 'termTaxonomyMapper' and 'com.coding.blog.service.mapper.TermTaxonomyMapper' mapperInterface. Bean already defined with the same name!"}
[2024-02-25 12:41:39]|||{"logger":"o.m.s.mapper.ClassPathMapperScanner", "thread":"main", "msg":"Skipping MapperFactoryBean with name 'usersMapper' and 'com.coding.blog.service.mapper.UsersMapper' mapperInterface. Bean already defined with the same name!"}
[2024-02-25 12:41:39]|||{"logger":"o.m.s.mapper.ClassPathMapperScanner", "thread":"main", "msg":"No MyBatis mapper was found in '[com.coding.blog.service.mapper]' package. Please check your configuration."}
[2024-02-25 12:41:39]|||{"logger":"c.c.b.s.s.i.oss.impl.AliOssWrapper", "thread":"main", "msg":"init ossClient"}
[2024-02-25 12:41:42]|||{"logger":"c.alibaba.druid.pool.DruidDataSource", "thread":"main", "msg":"{dataSource-1} inited"}
[2024-02-25 12:41:42]|||{"logger":"c.c.b.w.s.c.DynamicSecurityFilter", "thread":"main", "msg":"Could not validate configuration attributes as the SecurityMetadataSource did not return any attributes from getAllConfigAttributes()"}
[2024-02-25 12:41:43]|||{"logger":"o.s.s.web.DefaultSecurityFilterChain", "thread":"main", "msg":"Will secure any request with [org.springframework.security.web.session.DisableEncodeUrlFilter@646cb2e, org.springframework.security.web.context.request.async.WebAsyncManagerIntegrationFilter@2e7a9db7, org.springframework.security.web.context.SecurityContextPersistenceFilter@3bcc8f13, org.springframework.security.web.header.HeaderWriterFilter@7742a276, org.springframework.security.web.authentication.logout.LogoutFilter@246df37b, com.coding.blog.web.security.filter.JwtAuthenticationTokenFilter@5315266, org.springframework.security.web.savedrequest.RequestCacheAwareFilter@73d91faf, org.springframework.security.web.servletapi.SecurityContextHolderAwareRequestFilter@f3876ef, org.springframework.security.web.authentication.AnonymousAuthenticationFilter@11cc9e1e, org.springframework.security.web.session.SessionManagementFilter@20231384, org.springframework.security.web.access.ExceptionTranslationFilter@60194904, com.coding.blog.web.security.config.DynamicSecurityFilter@216328b2, org.springframework.security.web.access.intercept.FilterSecurityInterceptor@5503c7d]"}
[2024-02-25 12:41:44]|||{"logger":"com.coding.blog.web.redis.RedisTest", "thread":"main", "msg":"Started RedisTest in 6.294 seconds (JVM running for 7.157)"}
[2024-02-25 12:41:45]|||{"logger":"c.alibaba.druid.pool.DruidDataSource", "thread":"SpringApplicationShutdownHook", "msg":"{dataSource-1} closing ..."}
[2024-02-25 12:41:45]|||{"logger":"c.alibaba.druid.pool.DruidDataSource", "thread":"SpringApplicationShutdownHook", "msg":"{dataSource-1} closed"}
[2024-02-25 12:45:31]|||{"logger":"com.coding.blog.web.redis.RedisTest", "thread":"main", "msg":"Starting RedisTest using Java 1.8.0_101 on DESKTOP-4C76UQ5 with PID 5804 (started by Administrator in D:\JavaCount\project\SpringBootProject\coding-blog\coding-web)"}
[2024-02-25 12:45:31]|||{"logger":"com.coding.blog.web.redis.RedisTest", "thread":"main", "msg":"No active profile set, falling back to 1 default profile: "default""}
[2024-02-25 12:45:31]|||{"logger":"o.s.d.r.c.RepositoryConfigurationDelegate", "thread":"main", "msg":"Multiple Spring Data modules found, entering strict repository configuration mode"}
[2024-02-25 12:45:31]|||{"logger":"o.s.d.r.c.RepositoryConfigurationDelegate", "thread":"main", "msg":"Bootstrapping Spring Data Redis repositories in DEFAULT mode."}
[2024-02-25 12:45:31]|||{"logger":"o.s.d.r.c.RepositoryConfigurationDelegate", "thread":"main", "msg":"Finished Spring Data repository scanning in 11 ms. Found 0 Redis repository interfaces."}
[2024-02-25 12:45:32]|||{"logger":"o.m.s.mapper.ClassPathMapperScanner", "thread":"main", "msg":"Skipping MapperFactoryBean with name 'adminRoleRelationMapper' and 'com.coding.blog.service.mapper.AdminRoleRelationMapper' mapperInterface. Bean already defined with the same name!"}
[2024-02-25 12:45:32]|||{"logger":"o.m.s.mapper.ClassPathMapperScanner", "thread":"main", "msg":"Skipping MapperFactoryBean with name 'commentsMapper' and 'com.coding.blog.service.mapper.CommentsMapper' mapperInterface. Bean already defined with the same name!"}
[2024-02-25 12:45:32]|||{"logger":"o.m.s.mapper.ClassPathMapperScanner", "thread":"main", "msg":"Skipping MapperFactoryBean with name 'linksMapper' and 'com.coding.blog.service.mapper.LinksMapper' mapperInterface. Bean already defined with the same name!"}
[2024-02-25 12:45:32]|||{"logger":"o.m.s.mapper.ClassPathMapperScanner", "thread":"main", "msg":"Skipping MapperFactoryBean with name 'menuMapper' and 'com.coding.blog.service.mapper.MenuMapper' mapperInterface. Bean already defined with the same name!"}
[2024-02-25 12:45:32]|||{"logger":"o.m.s.mapper.ClassPathMapperScanner", "thread":"main", "msg":"Skipping MapperFactoryBean with name 'postTagMapper' and 'com.coding.blog.service.mapper.PostTagMapper' mapperInterface. Bean already defined with the same name!"}
[2024-02-25 12:45:32]|||{"logger":"o.m.s.mapper.ClassPathMapperScanner", "thread":"main", "msg":"Skipping MapperFactoryBean with name 'postTagRelationMapper' and 'com.coding.blog.service.mapper.PostTagRelationMapper' mapperInterface. Bean already defined with the same name!"}
[2024-02-25 12:45:32]|||{"logger":"o.m.s.mapper.ClassPathMapperScanner", "thread":"main", "msg":"Skipping MapperFactoryBean with name 'postsMapper' and 'com.coding.blog.service.mapper.PostsMapper' mapperInterface. Bean already defined with the same name!"}
[2024-02-25 12:45:32]|||{"logger":"o.m.s.mapper.ClassPathMapperScanner", "thread":"main", "msg":"Skipping MapperFactoryBean with name 'resourceCategoryMapper' and 'com.coding.blog.service.mapper.ResourceCategoryMapper' mapperInterface. Bean already defined with the same name!"}
[2024-02-25 12:45:32]|||{"logger":"o.m.s.mapper.ClassPathMapperScanner", "thread":"main", "msg":"Skipping MapperFactoryBean with name 'resourceMapper' and 'com.coding.blog.service.mapper.ResourceMapper' mapperInterface. Bean already defined with the same name!"}
[2024-02-25 12:45:32]|||{"logger":"o.m.s.mapper.ClassPathMapperScanner", "thread":"main", "msg":"Skipping MapperFactoryBean with name 'roleMapper' and 'com.coding.blog.service.mapper.RoleMapper' mapperInterface. Bean already defined with the same name!"}
[2024-02-25 12:45:32]|||{"logger":"o.m.s.mapper.ClassPathMapperScanner", "thread":"main", "msg":"Skipping MapperFactoryBean with name 'roleMenuRelationMapper' and 'com.coding.blog.service.mapper.RoleMenuRelationMapper' mapperInterface. Bean already defined with the same name!"}
[2024-02-25 12:45:32]|||{"logger":"o.m.s.mapper.ClassPathMapperScanner", "thread":"main", "msg":"Skipping MapperFactoryBean with name 'roleResourceRelationMapper' and 'com.coding.blog.service.mapper.RoleResourceRelationMapper' mapperInterface. Bean already defined with the same name!"}
[2024-02-25 12:45:32]|||{"logger":"o.m.s.mapper.ClassPathMapperScanner", "thread":"main", "msg":"Skipping MapperFactoryBean with name 'siteMapper' and 'com.coding.blog.service.mapper.SiteMapper' mapperInterface. Bean already defined with the same name!"}
[2024-02-25 12:45:32]|||{"logger":"o.m.s.mapper.ClassPathMapperScanner", "thread":"main", "msg":"Skipping MapperFactoryBean with name 'termRelationshipsMapper' and 'com.coding.blog.service.mapper.TermRelationshipsMapper' mapperInterface. Bean already defined with the same name!"}
[2024-02-25 12:45:32]|||{"logger":"o.m.s.mapper.ClassPathMapperScanner", "thread":"main", "msg":"Skipping MapperFactoryBean with name 'termTaxonomyMapper' and 'com.coding.blog.service.mapper.TermTaxonomyMapper' mapperInterface. Bean already defined with the same name!"}
[2024-02-25 12:45:32]|||{"logger":"o.m.s.mapper.ClassPathMapperScanner", "thread":"main", "msg":"Skipping MapperFactoryBean with name 'usersMapper' and 'com.coding.blog.service.mapper.UsersMapper' mapperInterface. Bean already defined with the same name!"}
[2024-02-25 12:45:32]|||{"logger":"o.m.s.mapper.ClassPathMapperScanner", "thread":"main", "msg":"No MyBatis mapper was found in '[com.coding.blog.service.mapper]' package. Please check your configuration."}
[2024-02-25 12:45:32]|||{"logger":"c.c.b.s.s.i.oss.impl.AliOssWrapper", "thread":"main", "msg":"init ossClient"}
[2024-02-25 12:45:35]|||{"logger":"c.alibaba.druid.pool.DruidDataSource", "thread":"main", "msg":"{dataSource-1} inited"}
[2024-02-25 12:45:35]|||{"logger":"c.c.b.w.s.c.DynamicSecurityFilter", "thread":"main", "msg":"Could not validate configuration attributes as the SecurityMetadataSource did not return any attributes from getAllConfigAttributes()"}
[2024-02-25 12:45:35]|||{"logger":"o.s.s.web.DefaultSecurityFilterChain", "thread":"main", "msg":"Will secure any request with [org.springframework.security.web.session.DisableEncodeUrlFilter@19ac93d2, org.springframework.security.web.context.request.async.WebAsyncManagerIntegrationFilter@116fc29e, org.springframework.security.web.context.SecurityContextPersistenceFilter@2c1ea7be, org.springframework.security.web.header.HeaderWriterFilter@226e07e7, org.springframework.security.web.authentication.logout.LogoutFilter@30fa8a6b, com.coding.blog.web.security.filter.JwtAuthenticationTokenFilter@2e426dd2, org.springframework.security.web.savedrequest.RequestCacheAwareFilter@42d174ad, org.springframework.security.web.servletapi.SecurityContextHolderAwareRequestFilter@65d90b7f, org.springframework.security.web.authentication.AnonymousAuthenticationFilter@1a0ffb9b, org.springframework.security.web.session.SessionManagementFilter@4ec8d9b2, org.springframework.security.web.access.ExceptionTranslationFilter@7ba1cdbe, com.coding.blog.web.security.config.DynamicSecurityFilter@67c0c90b, org.springframework.security.web.access.intercept.FilterSecurityInterceptor@727dcc64]"}
[2024-02-25 12:45:37]|||{"logger":"com.coding.blog.web.redis.RedisTest", "thread":"main", "msg":"Started RedisTest in 6.429 seconds (JVM running for 7.375)"}
[2024-02-25 12:45:38]|||{"logger":"c.alibaba.druid.pool.DruidDataSource", "thread":"SpringApplicationShutdownHook", "msg":"{dataSource-1} closing ..."}
[2024-02-25 12:45:38]|||{"logger":"c.alibaba.druid.pool.DruidDataSource", "thread":"SpringApplicationShutdownHook", "msg":"{dataSource-1} closed"}
