[2024-03-13 20:44:55||] - Devtools property defaults active! Set 'spring.devtools.add-properties' to 'false' to disable
[2024-03-13 20:44:55||] - For additional web related logging consider setting the 'logging.level.web' property to 'DEBUG'
[2024-03-13 20:44:55||] - Multiple Spring Data modules found, entering strict repository configuration mode
[2024-03-13 20:44:55||] - Bootstrapping Spring Data Redis repositories in DEFAULT mode.
[2024-03-13 20:44:56||] - Finished Spring Data repository scanning in 10 ms. Found 0 Redis repository interfaces.
[2024-03-13 20:44:56||] - Skipping MapperFactoryBean with name 'adminRoleRelationMapper' and 'com.coding.blog.service.mapper.AdminRoleRelationMapper' mapperInterface. Bean already defined with the same name!
[2024-03-13 20:44:56||] - Skipping MapperFactoryBean with name 'commentsMapper' and 'com.coding.blog.service.mapper.CommentsMapper' mapperInterface. Bean already defined with the same name!
[2024-03-13 20:44:56||] - Skipping MapperFactoryBean with name 'linksMapper' and 'com.coding.blog.service.mapper.LinksMapper' mapperInterface. Bean already defined with the same name!
[2024-03-13 20:44:56||] - Skipping MapperFactoryBean with name 'menuMapper' and 'com.coding.blog.service.mapper.MenuMapper' mapperInterface. Bean already defined with the same name!
[2024-03-13 20:44:56||] - Skipping MapperFactoryBean with name 'pictureMapper' and 'com.coding.blog.service.mapper.PictureMapper' mapperInterface. Bean already defined with the same name!
[2024-03-13 20:44:56||] - Skipping MapperFactoryBean with name 'postTagMapper' and 'com.coding.blog.service.mapper.PostTagMapper' mapperInterface. Bean already defined with the same name!
[2024-03-13 20:44:56||] - Skipping MapperFactoryBean with name 'postTagRelationMapper' and 'com.coding.blog.service.mapper.PostTagRelationMapper' mapperInterface. Bean already defined with the same name!
[2024-03-13 20:44:56||] - Skipping MapperFactoryBean with name 'postsMapper' and 'com.coding.blog.service.mapper.PostsMapper' mapperInterface. Bean already defined with the same name!
[2024-03-13 20:44:56||] - Skipping MapperFactoryBean with name 'resourceCategoryMapper' and 'com.coding.blog.service.mapper.ResourceCategoryMapper' mapperInterface. Bean already defined with the same name!
[2024-03-13 20:44:56||] - Skipping MapperFactoryBean with name 'resourceMapper' and 'com.coding.blog.service.mapper.ResourceMapper' mapperInterface. Bean already defined with the same name!
[2024-03-13 20:44:56||] - Skipping MapperFactoryBean with name 'roleMapper' and 'com.coding.blog.service.mapper.RoleMapper' mapperInterface. Bean already defined with the same name!
[2024-03-13 20:44:56||] - Skipping MapperFactoryBean with name 'roleMenuRelationMapper' and 'com.coding.blog.service.mapper.RoleMenuRelationMapper' mapperInterface. Bean already defined with the same name!
[2024-03-13 20:44:56||] - Skipping MapperFactoryBean with name 'roleResourceRelationMapper' and 'com.coding.blog.service.mapper.RoleResourceRelationMapper' mapperInterface. Bean already defined with the same name!
[2024-03-13 20:44:56||] - Skipping MapperFactoryBean with name 'siteMapper' and 'com.coding.blog.service.mapper.SiteMapper' mapperInterface. Bean already defined with the same name!
[2024-03-13 20:44:56||] - Skipping MapperFactoryBean with name 'termRelationshipsMapper' and 'com.coding.blog.service.mapper.TermRelationshipsMapper' mapperInterface. Bean already defined with the same name!
[2024-03-13 20:44:56||] - Skipping MapperFactoryBean with name 'termTaxonomyMapper' and 'com.coding.blog.service.mapper.TermTaxonomyMapper' mapperInterface. Bean already defined with the same name!
[2024-03-13 20:44:56||] - Skipping MapperFactoryBean with name 'usersMapper' and 'com.coding.blog.service.mapper.UsersMapper' mapperInterface. Bean already defined with the same name!
[2024-03-13 20:44:56||] - No MyBatis mapper was found in '[com.coding.blog.service.mapper]' package. Please check your configuration.
[2024-03-13 20:44:56||] - Tomcat initialized with port(s): 8080 (http)
[2024-03-13 20:44:56||] - An older version [1.2.14] of the Apache Tomcat Native library is installed, while Tomcat recommends a minimum version of [1.2.38]
[2024-03-13 20:44:56||] - Loaded Apache Tomcat Native library [1.2.14] using APR version [1.6.2].
[2024-03-13 20:44:56||] - APR capabilities: IPv6 [true], sendfile [true], accept filters [false], random [true], UDS [false].
[2024-03-13 20:44:56||] - APR/OpenSSL configuration: useAprConnector [false], useOpenSSL [true]
[2024-03-13 20:44:57||] - OpenSSL successfully initialized [OpenSSL 1.0.2l  25 May 2017]
[2024-03-13 20:44:57||] - Initializing ProtocolHandler ["http-nio-0.0.0.0-8080"]
[2024-03-13 20:44:57||] - Starting service [Tomcat]
[2024-03-13 20:44:57||] - Starting Servlet engine: [Apache Tomcat/9.0.82]
[2024-03-13 20:44:57||] - Initializing Spring embedded WebApplicationContext
[2024-03-13 20:44:57||] - Root WebApplicationContext: initialization completed in 2793 ms
[2024-03-13 20:44:59||] - {dataSource-1} inited
[2024-03-13 20:45:00||] - Will secure any request with [org.springframework.security.web.session.DisableEncodeUrlFilter@259f9cab, org.springframework.security.web.context.request.async.WebAsyncManagerIntegrationFilter@7fcf666e, org.springframework.security.web.context.SecurityContextPersistenceFilter@2eaec7af, org.springframework.security.web.header.HeaderWriterFilter@3f87d6f5, org.springframework.security.web.authentication.logout.LogoutFilter@3842294f, com.coding.blog.web.security.filter.JwtAuthenticationTokenFilter@6df45e8d, org.springframework.security.web.savedrequest.RequestCacheAwareFilter@3e6bb1a2, org.springframework.security.web.servletapi.SecurityContextHolderAwareRequestFilter@61f2154, org.springframework.security.web.authentication.AnonymousAuthenticationFilter@3c257833, org.springframework.security.web.session.SessionManagementFilter@1dadb9c7, org.springframework.security.web.access.ExceptionTranslationFilter@7f2997a8, com.coding.blog.web.security.config.DynamicSecurityFilter@7170f97e, org.springframework.security.web.access.intercept.FilterSecurityInterceptor@59ee1a20]
[2024-03-13 20:45:00||] - LiveReload server is running on port 35729
[2024-03-13 20:45:01||] - Starting ProtocolHandler ["http-nio-0.0.0.0-8080"]
[2024-03-13 20:45:01||] - Tomcat started on port(s): 8080 (http) with context path ''
[2024-03-13 20:45:10||] - Initializing Spring DispatcherServlet 'dispatcherServlet'
[2024-03-13 20:45:10||] - Initializing Servlet 'dispatcherServlet'
[2024-03-13 20:45:10||] - Completed initialization in 1 ms
[2024-03-13 20:45:10||] - method=GET; remoteIp=0:0:0:0:0:0:0:1; agent=Mozilla/5.0 (Windows NT 10.0; Win64; x64) AppleWebKit/537.36 (KHTML, like Gecko) Chrome/122.0.0.0 Safari/537.36; uri=/doc.html; payload=null; cost=35
[2024-03-13 20:45:11||] - method=GET; referer=http://localhost:8080/doc.html; remoteIp=0:0:0:0:0:0:0:1; agent=Mozilla/5.0 (Windows NT 10.0; Win64; x64) AppleWebKit/537.36 (KHTML, like Gecko) Chrome/122.0.0.0 Safari/537.36; uri=/swagger-resources; payload=null; cost=35
[2024-03-13 20:45:11||] - method=GET; referer=http://localhost:8080/doc.html; remoteIp=0:0:0:0:0:0:0:1; agent=Mozilla/5.0 (Windows NT 10.0; Win64; x64) AppleWebKit/537.36 (KHTML, like Gecko) Chrome/122.0.0.0 Safari/537.36; uri=/v2/api-docs?group=前台接口分组; payload=null; cost=76
[2024-03-13 20:45:17||] - {dataSource-1} closing ...
[2024-03-13 20:45:17||] - {dataSource-1} closed
